<html>
<head>
<title>TestNG:  Surefire test</title>
<link href="../testng.css" rel="stylesheet" type="text/css" />
<link href="../my-testng.css" rel="stylesheet" type="text/css" />

<style type="text/css">
.log { display: none;} 
.stack-trace { display: none;} 
</style>
<script type="text/javascript">
<!--
function flip(e) {
  current = e.style.display;
  if (current == 'block') {
    e.style.display = 'none';
    return 0;
  }
  else {
    e.style.display = 'block';
    return 1;
  }
}

function toggleBox(szDivId, elem, msg1, msg2)
{
  var res = -1;  if (document.getElementById) {
    res = flip(document.getElementById(szDivId));
  }
  else if (document.all) {
    // this is the way old msie versions work
    res = flip(document.all[szDivId]);
  }
  if(elem) {
    if(res == 0) elem.innerHTML = msg1; else elem.innerHTML = msg2;
  }

}

function toggleAllBoxes() {
  if (document.getElementsByTagName) {
    d = document.getElementsByTagName('div');
    for (i = 0; i < d.length; i++) {
      if (d[i].className == 'log') {
        flip(d[i]);
      }
    }
  }
}

// -->
</script>

</head>
<body>
<h2 align='center'>Surefire test</h2><table border='1' align="center">
<tr>
<td>Tests passed/Failed/Skipped:</td><td>29/5/0</td>
</tr><tr>
<td>Started on:</td><td>Thu Feb 29 19:25:14 IST 2024</td>
</tr>
<tr><td>Total time:</td><td>638 seconds (638254 ms)</td>
</tr><tr>
<td>Included groups:</td><td></td>
</tr><tr>
<td>Excluded groups:</td><td></td>
</tr>
</table><p/>
<small><i>(Hover the method name to see the test class name)</i></small><p/>
<table width='100%' border='1' class='invocation-failed'>
<tr><td colspan='4' align='center'><b>FAILED TESTS</b></td></tr>
<tr><td><b>Test method</b></td>
<td><b>Attribute(s)</b></td>
<td width="30%"><b>Exception</b></td>
<td width="10%"><b>Time (seconds)</b></td>
<td><b>Instance</b></td>
</tr>
<tr>
<td title='com.project.rll.runners.TestNgRunner.runScenario()'><b>runScenario</b><br>Test class: com.project.rll.runners.TestNgRunner<br>Test method: Runs Cucumber Scenarios<br>Parameters: "User login with different credentials by using excel", "Login Functionality"</td>
<td><div><pre>junit.framework.ComparisonFailure: expected:&lt;...niture.co.uk/account[/login?return_url=%2Faccount]&gt; but was:&lt;...niture.co.uk/account[]&gt;
	at junit.framework.Assert.assertEquals(Assert.java:100)
	at junit.framework.Assert.assertEquals(Assert.java:107)
	at com.project.rll.steps.LoginStepDefs.verify_user_is_able_to_login_checking(LoginStepDefs.java:59)
	at ?.verify user is able to login checking &quot;https://www.chilternoakfurniture.co.uk/account&quot;(file:///C:/Users/Karthik/eclipse-workspace/Chiltern-Oak/src/test/resource/Features/Blogin.feature:8)
</pre></div><a href='#' onClick='toggleBox("stack-trace1604920443", this, "Click to show all stack frames", "Click to hide stack frames")'>Click to show all stack frames</a>
<div class='stack-trace' id='stack-trace1604920443'><pre>junit.framework.ComparisonFailure: expected:&lt;...niture.co.uk/account[/login?return_url=%2Faccount]&gt; but was:&lt;...niture.co.uk/account[]&gt;
	at junit.framework.Assert.assertEquals(Assert.java:100)
	at junit.framework.Assert.assertEquals(Assert.java:107)
	at com.project.rll.steps.LoginStepDefs.verify_user_is_able_to_login_checking(LoginStepDefs.java:59)
	at ?.verify user is able to login checking &quot;https://www.chilternoakfurniture.co.uk/account&quot;(file:///C:/Users/Karthik/eclipse-workspace/Chiltern-Oak/src/test/resource/Features/Blogin.feature:8)
</pre></div></td>
<td>11</td>
<td>com.project.rll.runners.TestNgRunner@5562c41e</td></tr>
<tr>
<td title='com.project.rll.runners.TestNgRunner.runScenario()'><b>runScenario</b><br>Test class: com.project.rll.runners.TestNgRunner<br>Test method: Runs Cucumber Scenarios<br>Parameters: "To test the SigUp functionality of Chiltern Oak page", "SignUp fuctionality"</td>
<td><div><pre>java.lang.AssertionError: expected [true] but found [false]
	at com.project.rll.steps.SignUpStepDefs.the_user_should_see_the_status_as(SignUpStepDefs.java:65)
	at ?.the user should see the status as &quot;Email can&apos;t be blanK.&quot;(file:///C:/Users/Karthik/eclipse-workspace/Chiltern-Oak/src/test/resource/Features/Asignup.feature:11)
... Removed 4 stack frames</pre></div><a href='#' onClick='toggleBox("stack-trace195359600", this, "Click to show all stack frames", "Click to hide stack frames")'>Click to show all stack frames</a>
<div class='stack-trace' id='stack-trace195359600'><pre>java.lang.AssertionError: expected [true] but found [false]
	at org.testng.Assert.fail(Assert.java:110)
	at org.testng.Assert.failNotEquals(Assert.java:1577)
	at org.testng.Assert.assertTrue(Assert.java:56)
	at org.testng.Assert.assertTrue(Assert.java:66)
	at com.project.rll.steps.SignUpStepDefs.the_user_should_see_the_status_as(SignUpStepDefs.java:65)
	at ?.the user should see the status as &quot;Email can&apos;t be blanK.&quot;(file:///C:/Users/Karthik/eclipse-workspace/Chiltern-Oak/src/test/resource/Features/Asignup.feature:11)
</pre></div></td>
<td>25</td>
<td>com.project.rll.runners.TestNgRunner@5562c41e</td></tr>
<tr>
<td title='com.project.rll.runners.TestNgRunner.runScenario()'><b>runScenario</b><br>Test class: com.project.rll.runners.TestNgRunner<br>Test method: Runs Cucumber Scenarios<br>Parameters: "User login with different credentials by using excel", "Login Functionality"</td>
<td><div><pre>junit.framework.ComparisonFailure: expected:&lt;...noakfurniture.co.uk/[challenge]&gt; but was:&lt;...noakfurniture.co.uk/[account/login?return_url=%2Faccount]&gt;
	at junit.framework.Assert.assertEquals(Assert.java:100)
	at junit.framework.Assert.assertEquals(Assert.java:107)
	at com.project.rll.steps.LoginStepDefs.verify_user_is_able_to_login_checking(LoginStepDefs.java:59)
	at ?.verify user is able to login checking &quot;https://www.chilternoakfurniture.co.uk/account/login?return_url=%2Faccount&quot;(file:///C:/Users/Karthik/eclipse-workspace/Chiltern-Oak/src/test/resource/Features/Blogin.feature:8)
</pre></div><a href='#' onClick='toggleBox("stack-trace201327799", this, "Click to show all stack frames", "Click to hide stack frames")'>Click to show all stack frames</a>
<div class='stack-trace' id='stack-trace201327799'><pre>junit.framework.ComparisonFailure: expected:&lt;...noakfurniture.co.uk/[challenge]&gt; but was:&lt;...noakfurniture.co.uk/[account/login?return_url=%2Faccount]&gt;
	at junit.framework.Assert.assertEquals(Assert.java:100)
	at junit.framework.Assert.assertEquals(Assert.java:107)
	at com.project.rll.steps.LoginStepDefs.verify_user_is_able_to_login_checking(LoginStepDefs.java:59)
	at ?.verify user is able to login checking &quot;https://www.chilternoakfurniture.co.uk/account/login?return_url=%2Faccount&quot;(file:///C:/Users/Karthik/eclipse-workspace/Chiltern-Oak/src/test/resource/Features/Blogin.feature:8)
</pre></div></td>
<td>14</td>
<td>com.project.rll.runners.TestNgRunner@5562c41e</td></tr>
<tr>
<td title='com.project.rll.runners.TestNgRunner.runScenario()'><b>runScenario</b><br>Test class: com.project.rll.runners.TestNgRunner<br>Test method: Runs Cucumber Scenarios<br>Parameters: "To test the SigUp functionality of Chiltern Oak page", "SignUp fuctionality"</td>
<td><div><pre>org.openqa.selenium.NoSuchElementException: no such element: Unable to locate element: {&quot;method&quot;:&quot;xpath&quot;,&quot;selector&quot;:&quot;//div[@class=&apos;errors&apos;]/ul/li&quot;}
  (Session info: chrome=122.0.6261.70)
For documentation on this error, please visit: https://www.selenium.dev/documentation/webdriver/troubleshooting/errors#no-such-element-exception
Build info: version: &apos;4.11.0&apos;, revision: &apos;040bc5406b&apos;
System info: os.name: &apos;Windows 11&apos;, os.arch: &apos;amd64&apos;, os.version: &apos;10.0&apos;, java.version: &apos;17.0.9&apos;
Driver info: org.openqa.selenium.chrome.ChromeDriver
Command: [ed491fa9279c268c7bdaeef263d0e7d3, findElement {using=xpath, value=//div[@class=&apos;errors&apos;]/ul/li}]
Capabilities {acceptInsecureCerts: false, browserName: chrome, browserVersion: 122.0.6261.70, chrome: {chromedriverVersion: 122.0.6261.94 (880dbf29479c..., userDataDir: C:\Users\Karthik\AppData\Lo...}, fedcm:accounts: true, goog:chromeOptions: {debuggerAddress: localhost:50753}, networkConnectionEnabled: false, pageLoadStrategy: normal, platformName: windows, proxy: Proxy(), se:cdp: ws://localhost:50753/devtoo..., se:cdpVersion: 122.0.6261.70, setWindowRect: true, strictFileInteractability: false, timeouts: {implicit: 0, pageLoad: 300000, script: 30000}, unhandledPromptBehavior: dismiss and notify, webauthn:extension:credBlob: true, webauthn:extension:largeBlob: true, webauthn:extension:minPinLength: true, webauthn:extension:prf: true, webauthn:virtualAuthenticators: true}
Session ID: ed491fa9279c268c7bdaeef263d0e7d3
	at org.openqa.selenium.remote.codec.w3c.W3CHttpResponseCodec.createException(W3CHttpResponseCodec.java:200)
	at org.openqa.selenium.remote.codec.w3c.W3CHttpResponseCodec.decode(W3CHttpResponseCodec.java:133)
	at org.openqa.selenium.remote.codec.w3c.W3CHttpResponseCodec.decode(W3CHttpResponseCodec.java:52)
	at org.openqa.selenium.remote.HttpCommandExecutor.execute(HttpCommandExecutor.java:191)
	at org.openqa.selenium.remote.service.DriverCommandExecutor.invokeExecute(DriverCommandExecutor.java:196)
	at org.openqa.selenium.remote.service.DriverCommandExecutor.execute(DriverCommandExecutor.java:171)
	at org.openqa.selenium.remote.RemoteWebDriver.execute(RemoteWebDriver.java:518)
	at org.openqa.selenium.remote.ElementLocation$ElementFinder$2.findElement(ElementLocation.java:165)
	at org.openqa.selenium.remote.ElementLocation.findElement(ElementLocation.java:59)
	at org.openqa.selenium.remote.RemoteWebDriver.findElement(RemoteWebDriver.java:355)
	at org.openqa.selenium.remote.RemoteWebDriver.findElement(RemoteWebDriver.java:349)
	at org.openqa.selenium.support.pagefactory.DefaultElementLocator.findElement(DefaultElementLocator.java:68)
	at org.openqa.selenium.support.pagefactory.internal.LocatingElementHandler.invoke(LocatingElementHandler.java:38)
	at jdk.proxy2/jdk.proxy2.$Proxy41.getText(Unknown Source)
	at com.project.rll.pages.SignUpPage.validate_confirm(SignUpPage.java:104)
	at com.project.rll.steps.SignUpStepDefs.the_user_should_see_the_status_as(SignUpStepDefs.java:63)
	at ?.the user should see the status as &quot;Password can&apos;t be blank.&quot;(file:///C:/Users/Karthik/eclipse-workspace/Chiltern-Oak/src/test/resource/Features/Asignup.feature:11)
... Removed 5 stack frames</pre></div><a href='#' onClick='toggleBox("stack-trace1826807929", this, "Click to show all stack frames", "Click to hide stack frames")'>Click to show all stack frames</a>
<div class='stack-trace' id='stack-trace1826807929'><pre>org.openqa.selenium.NoSuchElementException: no such element: Unable to locate element: {&quot;method&quot;:&quot;xpath&quot;,&quot;selector&quot;:&quot;//div[@class=&apos;errors&apos;]/ul/li&quot;}
  (Session info: chrome=122.0.6261.70)
For documentation on this error, please visit: https://www.selenium.dev/documentation/webdriver/troubleshooting/errors#no-such-element-exception
Build info: version: &apos;4.11.0&apos;, revision: &apos;040bc5406b&apos;
System info: os.name: &apos;Windows 11&apos;, os.arch: &apos;amd64&apos;, os.version: &apos;10.0&apos;, java.version: &apos;17.0.9&apos;
Driver info: org.openqa.selenium.chrome.ChromeDriver
Command: [ed491fa9279c268c7bdaeef263d0e7d3, findElement {using=xpath, value=//div[@class=&apos;errors&apos;]/ul/li}]
Capabilities {acceptInsecureCerts: false, browserName: chrome, browserVersion: 122.0.6261.70, chrome: {chromedriverVersion: 122.0.6261.94 (880dbf29479c..., userDataDir: C:\Users\Karthik\AppData\Lo...}, fedcm:accounts: true, goog:chromeOptions: {debuggerAddress: localhost:50753}, networkConnectionEnabled: false, pageLoadStrategy: normal, platformName: windows, proxy: Proxy(), se:cdp: ws://localhost:50753/devtoo..., se:cdpVersion: 122.0.6261.70, setWindowRect: true, strictFileInteractability: false, timeouts: {implicit: 0, pageLoad: 300000, script: 30000}, unhandledPromptBehavior: dismiss and notify, webauthn:extension:credBlob: true, webauthn:extension:largeBlob: true, webauthn:extension:minPinLength: true, webauthn:extension:prf: true, webauthn:virtualAuthenticators: true}
Session ID: ed491fa9279c268c7bdaeef263d0e7d3
	at java.base/jdk.internal.reflect.NativeConstructorAccessorImpl.newInstance0(Native Method)
	at java.base/jdk.internal.reflect.NativeConstructorAccessorImpl.newInstance(NativeConstructorAccessorImpl.java:77)
	at java.base/jdk.internal.reflect.DelegatingConstructorAccessorImpl.newInstance(DelegatingConstructorAccessorImpl.java:45)
	at java.base/java.lang.reflect.Constructor.newInstanceWithCaller(Constructor.java:499)
	at java.base/java.lang.reflect.Constructor.newInstance(Constructor.java:480)
	at org.openqa.selenium.remote.codec.w3c.W3CHttpResponseCodec.createException(W3CHttpResponseCodec.java:200)
	at org.openqa.selenium.remote.codec.w3c.W3CHttpResponseCodec.decode(W3CHttpResponseCodec.java:133)
	at org.openqa.selenium.remote.codec.w3c.W3CHttpResponseCodec.decode(W3CHttpResponseCodec.java:52)
	at org.openqa.selenium.remote.HttpCommandExecutor.execute(HttpCommandExecutor.java:191)
	at org.openqa.selenium.remote.service.DriverCommandExecutor.invokeExecute(DriverCommandExecutor.java:196)
	at org.openqa.selenium.remote.service.DriverCommandExecutor.execute(DriverCommandExecutor.java:171)
	at org.openqa.selenium.remote.RemoteWebDriver.execute(RemoteWebDriver.java:518)
	at org.openqa.selenium.remote.ElementLocation$ElementFinder$2.findElement(ElementLocation.java:165)
	at org.openqa.selenium.remote.ElementLocation.findElement(ElementLocation.java:59)
	at org.openqa.selenium.remote.RemoteWebDriver.findElement(RemoteWebDriver.java:355)
	at org.openqa.selenium.remote.RemoteWebDriver.findElement(RemoteWebDriver.java:349)
	at org.openqa.selenium.support.pagefactory.DefaultElementLocator.findElement(DefaultElementLocator.java:68)
	at org.openqa.selenium.support.pagefactory.internal.LocatingElementHandler.invoke(LocatingElementHandler.java:38)
	at jdk.proxy2/jdk.proxy2.$Proxy41.getText(Unknown Source)
	at com.project.rll.pages.SignUpPage.validate_confirm(SignUpPage.java:104)
	at com.project.rll.steps.SignUpStepDefs.the_user_should_see_the_status_as(SignUpStepDefs.java:63)
	at ?.the user should see the status as &quot;Password can&apos;t be blank.&quot;(file:///C:/Users/Karthik/eclipse-workspace/Chiltern-Oak/src/test/resource/Features/Asignup.feature:11)
</pre></div></td>
<td>25</td>
<td>com.project.rll.runners.TestNgRunner@5562c41e</td></tr>
<tr>
<td title='com.project.rll.runners.TestNgRunner.runScenario()'><b>runScenario</b><br>Test class: com.project.rll.runners.TestNgRunner<br>Test method: Runs Cucumber Scenarios<br>Parameters: "User login with different credentials by using excel", "Login Functionality"</td>
<td><div><pre>junit.framework.ComparisonFailure: expected:&lt;...noakfurniture.co.uk/[challenge]&gt; but was:&lt;...noakfurniture.co.uk/[account/login?return_url=%2Faccount]&gt;
	at junit.framework.Assert.assertEquals(Assert.java:100)
	at junit.framework.Assert.assertEquals(Assert.java:107)
	at com.project.rll.steps.LoginStepDefs.verify_user_is_able_to_login_checking(LoginStepDefs.java:59)
	at ?.verify user is able to login checking &quot;https://www.chilternoakfurniture.co.uk/account/login?return_url=%2Faccount&quot;(file:///C:/Users/Karthik/eclipse-workspace/Chiltern-Oak/src/test/resource/Features/Blogin.feature:8)
</pre></div><a href='#' onClick='toggleBox("stack-trace1046597629", this, "Click to show all stack frames", "Click to hide stack frames")'>Click to show all stack frames</a>
<div class='stack-trace' id='stack-trace1046597629'><pre>junit.framework.ComparisonFailure: expected:&lt;...noakfurniture.co.uk/[challenge]&gt; but was:&lt;...noakfurniture.co.uk/[account/login?return_url=%2Faccount]&gt;
	at junit.framework.Assert.assertEquals(Assert.java:100)
	at junit.framework.Assert.assertEquals(Assert.java:107)
	at com.project.rll.steps.LoginStepDefs.verify_user_is_able_to_login_checking(LoginStepDefs.java:59)
	at ?.verify user is able to login checking &quot;https://www.chilternoakfurniture.co.uk/account/login?return_url=%2Faccount&quot;(file:///C:/Users/Karthik/eclipse-workspace/Chiltern-Oak/src/test/resource/Features/Blogin.feature:8)
</pre></div></td>
<td>12</td>
<td>com.project.rll.runners.TestNgRunner@5562c41e</td></tr>
</table><p>
<table width='100%' border='1' class='invocation-passed'>
<tr><td colspan='4' align='center'><b>PASSED TESTS</b></td></tr>
<tr><td><b>Test method</b></td>
<td><b>Attribute(s)</b></td>
<td width="30%"><b>Exception</b></td>
<td width="10%"><b>Time (seconds)</b></td>
<td><b>Instance</b></td>
</tr>
<tr>
<td title='com.project.rll.runners.TestNgRunner.runScenario()'><b>runScenario</b><br>Test class: com.project.rll.runners.TestNgRunner<br>Test method: Runs Cucumber Scenarios<br>Parameters: "Filter Functionality for choose style", "Filter functionality"</td>
<td></td>
<td>13</td>
<td>com.project.rll.runners.TestNgRunner@5562c41e</td></tr>
<tr>
<td title='com.project.rll.runners.TestNgRunner.runScenario()'><b>runScenario</b><br>Test class: com.project.rll.runners.TestNgRunner<br>Test method: Runs Cucumber Scenarios<br>Parameters: "User login with different credentials by using excel", "Login Functionality"</td>
<td></td>
<td>10</td>
<td>com.project.rll.runners.TestNgRunner@5562c41e</td></tr>
<tr>
<td title='com.project.rll.runners.TestNgRunner.runScenario()'><b>runScenario</b><br>Test class: com.project.rll.runners.TestNgRunner<br>Test method: Runs Cucumber Scenarios<br>Parameters: "Testing of ContactUs Page", "Test Chilternoak Furniture contact us page"</td>
<td></td>
<td>29</td>
<td>com.project.rll.runners.TestNgRunner@5562c41e</td></tr>
<tr>
<td title='com.project.rll.runners.TestNgRunner.runScenario()'><b>runScenario</b><br>Test class: com.project.rll.runners.TestNgRunner<br>Test method: Runs Cucumber Scenarios<br>Parameters: "Enter  search term and verify  results", "Product Search Functionality"</td>
<td></td>
<td>8</td>
<td>com.project.rll.runners.TestNgRunner@5562c41e</td></tr>
<tr>
<td title='com.project.rll.runners.TestNgRunner.runScenario()'><b>runScenario</b><br>Test class: com.project.rll.runners.TestNgRunner<br>Test method: Runs Cucumber Scenarios<br>Parameters: "Subscribe scenario with differe set of data", "Subscribe Feature"</td>
<td></td>
<td>13</td>
<td>com.project.rll.runners.TestNgRunner@5562c41e</td></tr>
<tr>
<td title='com.project.rll.runners.TestNgRunner.runScenario()'><b>runScenario</b><br>Test class: com.project.rll.runners.TestNgRunner<br>Test method: Runs Cucumber Scenarios<br>Parameters: "Testing of ContactUs Page", "Test Chilternoak Furniture contact us page"</td>
<td></td>
<td>31</td>
<td>com.project.rll.runners.TestNgRunner@5562c41e</td></tr>
<tr>
<td title='com.project.rll.runners.TestNgRunner.runScenario()'><b>runScenario</b><br>Test class: com.project.rll.runners.TestNgRunner<br>Test method: Runs Cucumber Scenarios<br>Parameters: "Filter Functionality search the product", "Filter functionality"</td>
<td></td>
<td>12</td>
<td>com.project.rll.runners.TestNgRunner@5562c41e</td></tr>
<tr>
<td title='com.project.rll.runners.TestNgRunner.runScenario()'><b>runScenario</b><br>Test class: com.project.rll.runners.TestNgRunner<br>Test method: Runs Cucumber Scenarios<br>Parameters: "Testing of ContactUs Page", "Test Chilternoak Furniture contact us page"</td>
<td></td>
<td>29</td>
<td>com.project.rll.runners.TestNgRunner@5562c41e</td></tr>
<tr>
<td title='com.project.rll.runners.TestNgRunner.runScenario()'><b>runScenario</b><br>Test class: com.project.rll.runners.TestNgRunner<br>Test method: Runs Cucumber Scenarios<br>Parameters: "Filter Functionality for drag the price", "Filter functionality"</td>
<td></td>
<td>18</td>
<td>com.project.rll.runners.TestNgRunner@5562c41e</td></tr>
<tr>
<td title='com.project.rll.runners.TestNgRunner.runScenario()'><b>runScenario</b><br>Test class: com.project.rll.runners.TestNgRunner<br>Test method: Runs Cucumber Scenarios<br>Parameters: "Testing of ContactUs Page", "Test Chilternoak Furniture contact us page"</td>
<td></td>
<td>30</td>
<td>com.project.rll.runners.TestNgRunner@5562c41e</td></tr>
<tr>
<td title='com.project.rll.runners.TestNgRunner.runScenario()'><b>runScenario</b><br>Test class: com.project.rll.runners.TestNgRunner<br>Test method: Runs Cucumber Scenarios<br>Parameters: "Filter Functionality for choose color", "Filter functionality"</td>
<td></td>
<td>18</td>
<td>com.project.rll.runners.TestNgRunner@5562c41e</td></tr>
<tr>
<td title='com.project.rll.runners.TestNgRunner.runScenario()'><b>runScenario</b><br>Test class: com.project.rll.runners.TestNgRunner<br>Test method: Runs Cucumber Scenarios<br>Parameters: "add to cart an invalid item", "Test cart functionality"</td>
<td></td>
<td>12</td>
<td>com.project.rll.runners.TestNgRunner@5562c41e</td></tr>
<tr>
<td title='com.project.rll.runners.TestNgRunner.runScenario()'><b>runScenario</b><br>Test class: com.project.rll.runners.TestNgRunner<br>Test method: Runs Cucumber Scenarios<br>Parameters: "User login with different credentials by using excel", "Login Functionality"</td>
<td></td>
<td>9</td>
<td>com.project.rll.runners.TestNgRunner@5562c41e</td></tr>
<tr>
<td title='com.project.rll.runners.TestNgRunner.runScenario()'><b>runScenario</b><br>Test class: com.project.rll.runners.TestNgRunner<br>Test method: Runs Cucumber Scenarios<br>Parameters: "Enter  search term and verify  results", "Product Search Functionality"</td>
<td></td>
<td>9</td>
<td>com.project.rll.runners.TestNgRunner@5562c41e</td></tr>
<tr>
<td title='com.project.rll.runners.TestNgRunner.runScenario()'><b>runScenario</b><br>Test class: com.project.rll.runners.TestNgRunner<br>Test method: Runs Cucumber Scenarios<br>Parameters: "Enter  search term and verify  results", "Product Search Functionality"</td>
<td></td>
<td>12</td>
<td>com.project.rll.runners.TestNgRunner@5562c41e</td></tr>
<tr>
<td title='com.project.rll.runners.TestNgRunner.runScenario()'><b>runScenario</b><br>Test class: com.project.rll.runners.TestNgRunner<br>Test method: Runs Cucumber Scenarios<br>Parameters: "To test the SigUp functionality of Chiltern Oak page", "SignUp fuctionality"</td>
<td></td>
<td>23</td>
<td>com.project.rll.runners.TestNgRunner@5562c41e</td></tr>
<tr>
<td title='com.project.rll.runners.TestNgRunner.runScenario()'><b>runScenario</b><br>Test class: com.project.rll.runners.TestNgRunner<br>Test method: Runs Cucumber Scenarios<br>Parameters: "User login with different credentials by using excel", "Login Functionality"</td>
<td></td>
<td>11</td>
<td>com.project.rll.runners.TestNgRunner@5562c41e</td></tr>
<tr>
<td title='com.project.rll.runners.TestNgRunner.runScenario()'><b>runScenario</b><br>Test class: com.project.rll.runners.TestNgRunner<br>Test method: Runs Cucumber Scenarios<br>Parameters: "Enter  search term and verify  results", "Product Search Functionality"</td>
<td></td>
<td>11</td>
<td>com.project.rll.runners.TestNgRunner@5562c41e</td></tr>
<tr>
<td title='com.project.rll.runners.TestNgRunner.runScenario()'><b>runScenario</b><br>Test class: com.project.rll.runners.TestNgRunner<br>Test method: Runs Cucumber Scenarios<br>Parameters: "Subscribe scenario with differe set of data", "Subscribe Feature"</td>
<td></td>
<td>12</td>
<td>com.project.rll.runners.TestNgRunner@5562c41e</td></tr>
<tr>
<td title='com.project.rll.runners.TestNgRunner.runScenario()'><b>runScenario</b><br>Test class: com.project.rll.runners.TestNgRunner<br>Test method: Runs Cucumber Scenarios<br>Parameters: "To test the SigUp functionality of Chiltern Oak page", "SignUp fuctionality"</td>
<td></td>
<td>25</td>
<td>com.project.rll.runners.TestNgRunner@5562c41e</td></tr>
<tr>
<td title='com.project.rll.runners.TestNgRunner.runScenario()'><b>runScenario</b><br>Test class: com.project.rll.runners.TestNgRunner<br>Test method: Runs Cucumber Scenarios<br>Parameters: "Testing of ContactUs Page", "Test Chilternoak Furniture contact us page"</td>
<td></td>
<td>29</td>
<td>com.project.rll.runners.TestNgRunner@5562c41e</td></tr>
<tr>
<td title='com.project.rll.runners.TestNgRunner.runScenario()'><b>runScenario</b><br>Test class: com.project.rll.runners.TestNgRunner<br>Test method: Runs Cucumber Scenarios<br>Parameters: "add 3 different products to cart1", "Test cart functionality"</td>
<td></td>
<td>43</td>
<td>com.project.rll.runners.TestNgRunner@5562c41e</td></tr>
<tr>
<td title='com.project.rll.runners.TestNgRunner.runScenario()'><b>runScenario</b><br>Test class: com.project.rll.runners.TestNgRunner<br>Test method: Runs Cucumber Scenarios<br>Parameters: "To test the SigUp functionality of Chiltern Oak page", "SignUp fuctionality"</td>
<td></td>
<td>32</td>
<td>com.project.rll.runners.TestNgRunner@5562c41e</td></tr>
<tr>
<td title='com.project.rll.runners.TestNgRunner.runScenario()'><b>runScenario</b><br>Test class: com.project.rll.runners.TestNgRunner<br>Test method: Runs Cucumber Scenarios<br>Parameters: "Subscribe scenario with differe set of data", "Subscribe Feature"</td>
<td></td>
<td>12</td>
<td>com.project.rll.runners.TestNgRunner@5562c41e</td></tr>
<tr>
<td title='com.project.rll.runners.TestNgRunner.runScenario()'><b>runScenario</b><br>Test class: com.project.rll.runners.TestNgRunner<br>Test method: Runs Cucumber Scenarios<br>Parameters: "add to cart", "Test cart functionality"</td>
<td></td>
<td>23</td>
<td>com.project.rll.runners.TestNgRunner@5562c41e</td></tr>
<tr>
<td title='com.project.rll.runners.TestNgRunner.runScenario()'><b>runScenario</b><br>Test class: com.project.rll.runners.TestNgRunner<br>Test method: Runs Cucumber Scenarios<br>Parameters: "Enter  search term and verify  results", "Product Search Functionality"</td>
<td></td>
<td>11</td>
<td>com.project.rll.runners.TestNgRunner@5562c41e</td></tr>
<tr>
<td title='com.project.rll.runners.TestNgRunner.runScenario()'><b>runScenario</b><br>Test class: com.project.rll.runners.TestNgRunner<br>Test method: Runs Cucumber Scenarios<br>Parameters: "User login with different credentials by using excel", "Login Functionality"</td>
<td></td>
<td>9</td>
<td>com.project.rll.runners.TestNgRunner@5562c41e</td></tr>
<tr>
<td title='com.project.rll.runners.TestNgRunner.runScenario()'><b>runScenario</b><br>Test class: com.project.rll.runners.TestNgRunner<br>Test method: Runs Cucumber Scenarios<br>Parameters: "Increasing the quantity of item", "Test cart functionality"</td>
<td></td>
<td>20</td>
<td>com.project.rll.runners.TestNgRunner@5562c41e</td></tr>
<tr>
<td title='com.project.rll.runners.TestNgRunner.runScenario()'><b>runScenario</b><br>Test class: com.project.rll.runners.TestNgRunner<br>Test method: Runs Cucumber Scenarios<br>Parameters: "Subscribe scenario with differe set of data", "Subscribe Feature"</td>
<td></td>
<td>13</td>
<td>com.project.rll.runners.TestNgRunner@5562c41e</td></tr>
</table><p>
</body>
</html>