<?xml version="1.0" encoding="UTF-8"?>
<testsuite xmlns:xsi="http://www.w3.org/2001/XMLSchema-instance" xsi:noNamespaceSchemaLocation="https://maven.apache.org/surefire/maven-surefire-plugin/xsd/surefire-test-report.xsd" name="com.project.rll.runners.TestNgRunner" time="639.782" tests="34" errors="0" skipped="0" failures="5">
  <properties>
    <property name="java.specification.version" value="17"/>
    <property name="sun.cpu.isalist" value="amd64"/>
    <property name="sun.jnu.encoding" value="Cp1252"/>
    <property name="java.class.path" value="C:\Users\Karthik\eclipse-workspace\Chiltern-Oak\target\test-classes;C:\Users\Karthik\eclipse-workspace\Chiltern-Oak\target\classes;C:\Users\Karthik\.m2\repository\org\testng\testng\7.7.1\testng-7.7.1.jar;C:\Users\Karthik\.m2\repository\org\slf4j\slf4j-api\1.7.36\slf4j-api-1.7.36.jar;C:\Users\Karthik\.m2\repository\com\beust\jcommander\1.82\jcommander-1.82.jar;C:\Users\Karthik\.m2\repository\org\webjars\jquery\3.6.1\jquery-3.6.1.jar;C:\Users\Karthik\.m2\repository\org\apache\poi\poi\4.1.1\poi-4.1.1.jar;C:\Users\Karthik\.m2\repository\commons-codec\commons-codec\1.13\commons-codec-1.13.jar;C:\Users\Karthik\.m2\repository\org\apache\commons\commons-collections4\4.4\commons-collections4-4.4.jar;C:\Users\Karthik\.m2\repository\org\apache\commons\commons-math3\3.6.1\commons-math3-3.6.1.jar;C:\Users\Karthik\.m2\repository\org\apache\poi\poi-ooxml\4.1.1\poi-ooxml-4.1.1.jar;C:\Users\Karthik\.m2\repository\org\apache\commons\commons-compress\1.19\commons-compress-1.19.jar;C:\Users\Karthik\.m2\repository\com\github\virtuald\curvesapi\1.06\curvesapi-1.06.jar;C:\Users\Karthik\.m2\repository\org\apache\poi\poi-ooxml-schemas\4.1.1\poi-ooxml-schemas-4.1.1.jar;C:\Users\Karthik\.m2\repository\org\apache\xmlbeans\xmlbeans\3.1.0\xmlbeans-3.1.0.jar;C:\Users\Karthik\.m2\repository\io\cucumber\cucumber-testng\7.15.0\cucumber-testng-7.15.0.jar;C:\Users\Karthik\.m2\repository\org\apiguardian\apiguardian-api\1.1.2\apiguardian-api-1.1.2.jar;C:\Users\Karthik\.m2\repository\org\projectlombok\lombok\1.18.30\lombok-1.18.30.jar;C:\Users\Karthik\.m2\repository\org\apache\logging\log4j\log4j-core\2.14.1\log4j-core-2.14.1.jar;C:\Users\Karthik\.m2\repository\org\apache\logging\log4j\log4j-api\2.14.1\log4j-api-2.14.1.jar;C:\Users\Karthik\.m2\repository\io\cucumber\cucumber-java\7.15.0\cucumber-java-7.15.0.jar;C:\Users\Karthik\.m2\repository\io\cucumber\cucumber-junit\7.15.0\cucumber-junit-7.15.0.jar;C:\Users\Karthik\.m2\repository\junit\junit\4.13.2\junit-4.13.2.jar;C:\Users\Karthik\.m2\repository\org\hamcrest\hamcrest-core\1.3\hamcrest-core-1.3.jar;C:\Users\Karthik\.m2\repository\io\cucumber\cucumber-core\7.15.0\cucumber-core-7.15.0.jar;C:\Users\Karthik\.m2\repository\io\cucumber\cucumber-gherkin\7.15.0\cucumber-gherkin-7.15.0.jar;C:\Users\Karthik\.m2\repository\io\cucumber\cucumber-gherkin-messages\7.15.0\cucumber-gherkin-messages-7.15.0.jar;C:\Users\Karthik\.m2\repository\io\cucumber\gherkin\26.2.0\gherkin-26.2.0.jar;C:\Users\Karthik\.m2\repository\io\cucumber\messages\22.0.0\messages-22.0.0.jar;C:\Users\Karthik\.m2\repository\io\cucumber\tag-expressions\6.0.0\tag-expressions-6.0.0.jar;C:\Users\Karthik\.m2\repository\io\cucumber\cucumber-expressions\17.0.1\cucumber-expressions-17.0.1.jar;C:\Users\Karthik\.m2\repository\io\cucumber\datatable\7.15.0\datatable-7.15.0.jar;C:\Users\Karthik\.m2\repository\io\cucumber\cucumber-plugin\7.15.0\cucumber-plugin-7.15.0.jar;C:\Users\Karthik\.m2\repository\io\cucumber\docstring\7.15.0\docstring-7.15.0.jar;C:\Users\Karthik\.m2\repository\io\cucumber\html-formatter\20.4.0\html-formatter-20.4.0.jar;C:\Users\Karthik\.m2\repository\io\cucumber\junit-xml-formatter\0.2.0\junit-xml-formatter-0.2.0.jar;C:\Users\Karthik\.m2\repository\io\cucumber\ci-environment\10.0.0\ci-environment-10.0.0.jar;C:\Users\Karthik\.m2\repository\org\seleniumhq\selenium\selenium-java\4.11.0\selenium-java-4.11.0.jar;C:\Users\Karthik\.m2\repository\org\seleniumhq\selenium\selenium-api\4.11.0\selenium-api-4.11.0.jar;C:\Users\Karthik\.m2\repository\org\seleniumhq\selenium\selenium-chrome-driver\4.11.0\selenium-chrome-driver-4.11.0.jar;C:\Users\Karthik\.m2\repository\com\google\auto\service\auto-service-annotations\1.0.1\auto-service-annotations-1.0.1.jar;C:\Users\Karthik\.m2\repository\com\google\guava\guava\31.1-jre\guava-31.1-jre.jar;C:\Users\Karthik\.m2\repository\com\google\guava\failureaccess\1.0.1\failureaccess-1.0.1.jar;C:\Users\Karthik\.m2\repository\com\google\guava\listenablefuture\9999.0-empty-to-avoid-conflict-with-guava\listenablefuture-9999.0-empty-to-avoid-conflict-with-guava.jar;C:\Users\Karthik\.m2\repository\com\google\code\findbugs\jsr305\3.0.2\jsr305-3.0.2.jar;C:\Users\Karthik\.m2\repository\org\checkerframework\checker-qual\3.12.0\checker-qual-3.12.0.jar;C:\Users\Karthik\.m2\repository\com\google\errorprone\error_prone_annotations\2.11.0\error_prone_annotations-2.11.0.jar;C:\Users\Karthik\.m2\repository\com\google\j2objc\j2objc-annotations\1.3\j2objc-annotations-1.3.jar;C:\Users\Karthik\.m2\repository\org\seleniumhq\selenium\selenium-chromium-driver\4.11.0\selenium-chromium-driver-4.11.0.jar;C:\Users\Karthik\.m2\repository\org\seleniumhq\selenium\selenium-json\4.11.0\selenium-json-4.11.0.jar;C:\Users\Karthik\.m2\repository\org\seleniumhq\selenium\selenium-manager\4.11.0\selenium-manager-4.11.0.jar;C:\Users\Karthik\.m2\repository\org\seleniumhq\selenium\selenium-devtools-v113\4.11.0\selenium-devtools-v113-4.11.0.jar;C:\Users\Karthik\.m2\repository\org\seleniumhq\selenium\selenium-devtools-v114\4.11.0\selenium-devtools-v114-4.11.0.jar;C:\Users\Karthik\.m2\repository\org\seleniumhq\selenium\selenium-devtools-v115\4.11.0\selenium-devtools-v115-4.11.0.jar;C:\Users\Karthik\.m2\repository\org\seleniumhq\selenium\selenium-devtools-v85\4.11.0\selenium-devtools-v85-4.11.0.jar;C:\Users\Karthik\.m2\repository\org\seleniumhq\selenium\selenium-edge-driver\4.11.0\selenium-edge-driver-4.11.0.jar;C:\Users\Karthik\.m2\repository\org\seleniumhq\selenium\selenium-firefox-driver\4.11.0\selenium-firefox-driver-4.11.0.jar;C:\Users\Karthik\.m2\repository\org\seleniumhq\selenium\selenium-http\4.11.0\selenium-http-4.11.0.jar;C:\Users\Karthik\.m2\repository\dev\failsafe\failsafe\3.3.1\failsafe-3.3.1.jar;C:\Users\Karthik\.m2\repository\org\seleniumhq\selenium\selenium-ie-driver\4.11.0\selenium-ie-driver-4.11.0.jar;C:\Users\Karthik\.m2\repository\org\seleniumhq\selenium\selenium-remote-driver\4.11.0\selenium-remote-driver-4.11.0.jar;C:\Users\Karthik\.m2\repository\io\netty\netty-buffer\4.1.92.Final\netty-buffer-4.1.92.Final.jar;C:\Users\Karthik\.m2\repository\io\netty\netty-codec-http\4.1.92.Final\netty-codec-http-4.1.92.Final.jar;C:\Users\Karthik\.m2\repository\io\netty\netty-codec\4.1.92.Final\netty-codec-4.1.92.Final.jar;C:\Users\Karthik\.m2\repository\io\netty\netty-handler\4.1.92.Final\netty-handler-4.1.92.Final.jar;C:\Users\Karthik\.m2\repository\io\netty\netty-common\4.1.92.Final\netty-common-4.1.92.Final.jar;C:\Users\Karthik\.m2\repository\io\netty\netty-transport-classes-epoll\4.1.92.Final\netty-transport-classes-epoll-4.1.92.Final.jar;C:\Users\Karthik\.m2\repository\io\netty\netty-transport-classes-kqueue\4.1.92.Final\netty-transport-classes-kqueue-4.1.92.Final.jar;C:\Users\Karthik\.m2\repository\io\netty\netty-transport-native-epoll\4.1.92.Final\netty-transport-native-epoll-4.1.92.Final.jar;C:\Users\Karthik\.m2\repository\io\netty\netty-transport-native-kqueue\4.1.92.Final\netty-transport-native-kqueue-4.1.92.Final.jar;C:\Users\Karthik\.m2\repository\io\netty\netty-transport-native-unix-common\4.1.92.Final\netty-transport-native-unix-common-4.1.92.Final.jar;C:\Users\Karthik\.m2\repository\io\netty\netty-transport\4.1.92.Final\netty-transport-4.1.92.Final.jar;C:\Users\Karthik\.m2\repository\io\netty\netty-resolver\4.1.92.Final\netty-resolver-4.1.92.Final.jar;C:\Users\Karthik\.m2\repository\io\opentelemetry\opentelemetry-api\1.26.0\opentelemetry-api-1.26.0.jar;C:\Users\Karthik\.m2\repository\io\opentelemetry\opentelemetry-context\1.26.0\opentelemetry-context-1.26.0.jar;C:\Users\Karthik\.m2\repository\io\opentelemetry\opentelemetry-exporter-logging\1.26.0\opentelemetry-exporter-logging-1.26.0.jar;C:\Users\Karthik\.m2\repository\io\opentelemetry\opentelemetry-sdk-metrics\1.26.0\opentelemetry-sdk-metrics-1.26.0.jar;C:\Users\Karthik\.m2\repository\io\opentelemetry\opentelemetry-extension-incubator\1.26.0-alpha\opentelemetry-extension-incubator-1.26.0-alpha.jar;C:\Users\Karthik\.m2\repository\io\opentelemetry\opentelemetry-sdk-logs\1.26.0-alpha\opentelemetry-sdk-logs-1.26.0-alpha.jar;C:\Users\Karthik\.m2\repository\io\opentelemetry\opentelemetry-api-logs\1.26.0-alpha\opentelemetry-api-logs-1.26.0-alpha.jar;C:\Users\Karthik\.m2\repository\io\opentelemetry\opentelemetry-api-events\1.26.0-alpha\opentelemetry-api-events-1.26.0-alpha.jar;C:\Users\Karthik\.m2\repository\io\opentelemetry\opentelemetry-sdk-common\1.26.0\opentelemetry-sdk-common-1.26.0.jar;C:\Users\Karthik\.m2\repository\io\opentelemetry\opentelemetry-sdk-extension-autoconfigure-spi\1.26.0\opentelemetry-sdk-extension-autoconfigure-spi-1.26.0.jar;C:\Users\Karthik\.m2\repository\io\opentelemetry\opentelemetry-sdk-extension-autoconfigure\1.26.0-alpha\opentelemetry-sdk-extension-autoconfigure-1.26.0-alpha.jar;C:\Users\Karthik\.m2\repository\io\opentelemetry\opentelemetry-sdk-trace\1.26.0\opentelemetry-sdk-trace-1.26.0.jar;C:\Users\Karthik\.m2\repository\io\opentelemetry\opentelemetry-sdk\1.26.0\opentelemetry-sdk-1.26.0.jar;C:\Users\Karthik\.m2\repository\io\opentelemetry\opentelemetry-semconv\1.26.0-alpha\opentelemetry-semconv-1.26.0-alpha.jar;C:\Users\Karthik\.m2\repository\net\bytebuddy\byte-buddy\1.14.4\byte-buddy-1.14.4.jar;C:\Users\Karthik\.m2\repository\org\apache\commons\commons-exec\1.3\commons-exec-1.3.jar;C:\Users\Karthik\.m2\repository\org\asynchttpclient\async-http-client\2.12.3\async-http-client-2.12.3.jar;C:\Users\Karthik\.m2\repository\org\asynchttpclient\async-http-client-netty-utils\2.12.3\async-http-client-netty-utils-2.12.3.jar;C:\Users\Karthik\.m2\repository\io\netty\netty-codec-socks\4.1.60.Final\netty-codec-socks-4.1.60.Final.jar;C:\Users\Karthik\.m2\repository\io\netty\netty-handler-proxy\4.1.60.Final\netty-handler-proxy-4.1.60.Final.jar;C:\Users\Karthik\.m2\repository\io\netty\netty-transport-native-epoll\4.1.60.Final\netty-transport-native-epoll-4.1.60.Final-linux-x86_64.jar;C:\Users\Karthik\.m2\repository\io\netty\netty-transport-native-kqueue\4.1.60.Final\netty-transport-native-kqueue-4.1.60.Final-osx-x86_64.jar;C:\Users\Karthik\.m2\repository\org\reactivestreams\reactive-streams\1.0.3\reactive-streams-1.0.3.jar;C:\Users\Karthik\.m2\repository\com\typesafe\netty\netty-reactive-streams\2.0.4\netty-reactive-streams-2.0.4.jar;C:\Users\Karthik\.m2\repository\com\sun\activation\jakarta.activation\1.2.2\jakarta.activation-1.2.2.jar;C:\Users\Karthik\.m2\repository\org\seleniumhq\selenium\selenium-safari-driver\4.11.0\selenium-safari-driver-4.11.0.jar;C:\Users\Karthik\.m2\repository\org\seleniumhq\selenium\selenium-support\4.11.0\selenium-support-4.11.0.jar;C:\Users\Karthik\.m2\repository\io\github\bonigarcia\webdrivermanager\5.4.1\webdrivermanager-5.4.1.jar;C:\Users\Karthik\.m2\repository\com\google\code\gson\gson\2.10.1\gson-2.10.1.jar;C:\Users\Karthik\.m2\repository\com\github\docker-java\docker-java\3.3.2\docker-java-3.3.2.jar;C:\Users\Karthik\.m2\repository\com\github\docker-java\docker-java-core\3.3.2\docker-java-core-3.3.2.jar;C:\Users\Karthik\.m2\repository\com\github\docker-java\docker-java-api\3.3.2\docker-java-api-3.3.2.jar;C:\Users\Karthik\.m2\repository\com\fasterxml\jackson\core\jackson-annotations\2.10.3\jackson-annotations-2.10.3.jar;C:\Users\Karthik\.m2\repository\commons-io\commons-io\2.6\commons-io-2.6.jar;C:\Users\Karthik\.m2\repository\com\fasterxml\jackson\core\jackson-databind\2.10.3\jackson-databind-2.10.3.jar;C:\Users\Karthik\.m2\repository\com\fasterxml\jackson\core\jackson-core\2.10.3\jackson-core-2.10.3.jar;C:\Users\Karthik\.m2\repository\org\bouncycastle\bcpkix-jdk15on\1.64\bcpkix-jdk15on-1.64.jar;C:\Users\Karthik\.m2\repository\org\bouncycastle\bcprov-jdk15on\1.64\bcprov-jdk15on-1.64.jar;C:\Users\Karthik\.m2\repository\org\slf4j\jcl-over-slf4j\1.7.30\jcl-over-slf4j-1.7.30.jar;C:\Users\Karthik\.m2\repository\com\github\docker-java\docker-java-transport-httpclient5\3.3.2\docker-java-transport-httpclient5-3.3.2.jar;C:\Users\Karthik\.m2\repository\com\github\docker-java\docker-java-transport\3.3.2\docker-java-transport-3.3.2.jar;C:\Users\Karthik\.m2\repository\net\java\dev\jna\jna\5.12.1\jna-5.12.1.jar;C:\Users\Karthik\.m2\repository\org\brotli\dec\0.1.2\dec-0.1.2.jar;C:\Users\Karthik\.m2\repository\org\apache\commons\commons-lang3\3.12.0\commons-lang3-3.12.0.jar;C:\Users\Karthik\.m2\repository\org\apache\httpcomponents\client5\httpclient5\5.2.1\httpclient5-5.2.1.jar;C:\Users\Karthik\.m2\repository\org\apache\httpcomponents\core5\httpcore5\5.2\httpcore5-5.2.jar;C:\Users\Karthik\.m2\repository\org\apache\httpcomponents\core5\httpcore5-h2\5.2\httpcore5-h2-5.2.jar;C:\Users\Karthik\.m2\repository\tech\grasshopper\extentreports-cucumber7-adapter\1.7.0\extentreports-cucumber7-adapter-1.7.0.jar;C:\Users\Karthik\.m2\repository\com\aventstack\extentreports\5.0.9\extentreports-5.0.9.jar;C:\Users\Karthik\.m2\repository\io\reactivex\rxjava3\rxjava\3.0.4\rxjava-3.0.4.jar;C:\Users\Karthik\.m2\repository\org\freemarker\freemarker\2.3.30\freemarker-2.3.30.jar;C:\Users\Karthik\.m2\repository\tech\grasshopper\extent-pdf-report\2.7.0\extent-pdf-report-2.7.0.jar;C:\Users\Karthik\.m2\repository\tech\grasshopper\cucumber-pdf-report\2.10.0\cucumber-pdf-report-2.10.0.jar;C:\Users\Karthik\.m2\repository\org\apache\pdfbox\pdfbox\2.0.26\pdfbox-2.0.26.jar;C:\Users\Karthik\.m2\repository\org\apache\pdfbox\fontbox\2.0.26\fontbox-2.0.26.jar;C:\Users\Karthik\.m2\repository\org\knowm\xchart\xchart\3.8.0\xchart-3.8.0.jar;C:\Users\Karthik\.m2\repository\de\erichseifert\vectorgraphics2d\VectorGraphics2D\0.13\VectorGraphics2D-0.13.jar;C:\Users\Karthik\.m2\repository\de\rototor\pdfbox\graphics2d\0.30\graphics2d-0.30.jar;C:\Users\Karthik\.m2\repository\com\madgag\animated-gif-lib\1.4\animated-gif-lib-1.4.jar;C:\Users\Karthik\.m2\repository\org\yaml\snakeyaml\1.28\snakeyaml-1.28.jar;C:\Users\Karthik\.m2\repository\tech\grasshopper\table-layout\1.5.1\table-layout-1.5.1.jar;C:\Users\Karthik\.m2\repository\tech\grasshopper\rest-assured-cucumber-pdf-report\1.4.1\rest-assured-cucumber-pdf-report-1.4.1.jar;C:\Users\Karthik\.m2\repository\org\jsoup\jsoup\1.14.3\jsoup-1.14.3.jar;C:\Users\Karthik\.m2\repository\com\aventstack\klov-reporter\5.0.9\klov-reporter-5.0.9.jar;C:\Users\Karthik\.m2\repository\org\mongodb\mongodb-driver\3.6.4\mongodb-driver-3.6.4.jar;C:\Users\Karthik\.m2\repository\org\mongodb\mongodb-driver-core\3.6.4\mongodb-driver-core-3.6.4.jar;C:\Users\Karthik\.m2\repository\org\mongodb\bson\3.6.4\bson-3.6.4.jar;C:\Users\Karthik\.m2\repository\org\apache\httpcomponents\httpclient\4.5.13\httpclient-4.5.13.jar;C:\Users\Karthik\.m2\repository\org\apache\httpcomponents\httpcore\4.4.13\httpcore-4.4.13.jar;C:\Users\Karthik\.m2\repository\commons-logging\commons-logging\1.2\commons-logging-1.2.jar;C:\Users\Karthik\.m2\repository\org\apache\httpcomponents\httpmime\4.5.13\httpmime-4.5.13.jar;C:\Users\Karthik\.m2\repository\tech\grasshopper\htmlextentreporter\1.0.1\htmlextentreporter-1.0.1.jar;C:\Users\Karthik\.m2\repository\io\cucumber\cucumber-picocontainer\7.15.0\cucumber-picocontainer-7.15.0.jar;C:\Users\Karthik\.m2\repository\org\picocontainer\picocontainer\2.15\picocontainer-2.15.jar;"/>
    <property name="java.vm.vendor" value="Eclipse Adoptium"/>
    <property name="sun.arch.data.model" value="64"/>
    <property name="user.variant" value=""/>
    <property name="java.vendor.url" value="https://adoptium.net/"/>
    <property name="user.timezone" value="Asia/Calcutta"/>
    <property name="os.name" value="Windows 11"/>
    <property name="java.vm.specification.version" value="17"/>
    <property name="sun.java.launcher" value="SUN_STANDARD"/>
    <property name="user.country" value="IN"/>
    <property name="sun.boot.library.path" value="C:\Users\Karthik\.p2\pool\plugins\org.eclipse.justj.openjdk.hotspot.jre.full.win32.x86_64_17.0.9.v20231028-0858\jre\bin"/>
    <property name="sun.java.command" value="C:\Users\Karthik\AppData\Local\Temp\surefire8658447272487109577\surefirebooter11300792073464442886.jar C:\Users\Karthik\AppData\Local\Temp\surefire8658447272487109577 2024-02-29T19-25-11_585-jvmRun1 surefire15413864127316133886tmp surefire_08976485939794291924tmp"/>
    <property name="jdk.debug" value="release"/>
    <property name="surefire.test.class.path" value="C:\Users\Karthik\eclipse-workspace\Chiltern-Oak\target\test-classes;C:\Users\Karthik\eclipse-workspace\Chiltern-Oak\target\classes;C:\Users\Karthik\.m2\repository\org\testng\testng\7.7.1\testng-7.7.1.jar;C:\Users\Karthik\.m2\repository\org\slf4j\slf4j-api\1.7.36\slf4j-api-1.7.36.jar;C:\Users\Karthik\.m2\repository\com\beust\jcommander\1.82\jcommander-1.82.jar;C:\Users\Karthik\.m2\repository\org\webjars\jquery\3.6.1\jquery-3.6.1.jar;C:\Users\Karthik\.m2\repository\org\apache\poi\poi\4.1.1\poi-4.1.1.jar;C:\Users\Karthik\.m2\repository\commons-codec\commons-codec\1.13\commons-codec-1.13.jar;C:\Users\Karthik\.m2\repository\org\apache\commons\commons-collections4\4.4\commons-collections4-4.4.jar;C:\Users\Karthik\.m2\repository\org\apache\commons\commons-math3\3.6.1\commons-math3-3.6.1.jar;C:\Users\Karthik\.m2\repository\org\apache\poi\poi-ooxml\4.1.1\poi-ooxml-4.1.1.jar;C:\Users\Karthik\.m2\repository\org\apache\commons\commons-compress\1.19\commons-compress-1.19.jar;C:\Users\Karthik\.m2\repository\com\github\virtuald\curvesapi\1.06\curvesapi-1.06.jar;C:\Users\Karthik\.m2\repository\org\apache\poi\poi-ooxml-schemas\4.1.1\poi-ooxml-schemas-4.1.1.jar;C:\Users\Karthik\.m2\repository\org\apache\xmlbeans\xmlbeans\3.1.0\xmlbeans-3.1.0.jar;C:\Users\Karthik\.m2\repository\io\cucumber\cucumber-testng\7.15.0\cucumber-testng-7.15.0.jar;C:\Users\Karthik\.m2\repository\org\apiguardian\apiguardian-api\1.1.2\apiguardian-api-1.1.2.jar;C:\Users\Karthik\.m2\repository\org\projectlombok\lombok\1.18.30\lombok-1.18.30.jar;C:\Users\Karthik\.m2\repository\org\apache\logging\log4j\log4j-core\2.14.1\log4j-core-2.14.1.jar;C:\Users\Karthik\.m2\repository\org\apache\logging\log4j\log4j-api\2.14.1\log4j-api-2.14.1.jar;C:\Users\Karthik\.m2\repository\io\cucumber\cucumber-java\7.15.0\cucumber-java-7.15.0.jar;C:\Users\Karthik\.m2\repository\io\cucumber\cucumber-junit\7.15.0\cucumber-junit-7.15.0.jar;C:\Users\Karthik\.m2\repository\junit\junit\4.13.2\junit-4.13.2.jar;C:\Users\Karthik\.m2\repository\org\hamcrest\hamcrest-core\1.3\hamcrest-core-1.3.jar;C:\Users\Karthik\.m2\repository\io\cucumber\cucumber-core\7.15.0\cucumber-core-7.15.0.jar;C:\Users\Karthik\.m2\repository\io\cucumber\cucumber-gherkin\7.15.0\cucumber-gherkin-7.15.0.jar;C:\Users\Karthik\.m2\repository\io\cucumber\cucumber-gherkin-messages\7.15.0\cucumber-gherkin-messages-7.15.0.jar;C:\Users\Karthik\.m2\repository\io\cucumber\gherkin\26.2.0\gherkin-26.2.0.jar;C:\Users\Karthik\.m2\repository\io\cucumber\messages\22.0.0\messages-22.0.0.jar;C:\Users\Karthik\.m2\repository\io\cucumber\tag-expressions\6.0.0\tag-expressions-6.0.0.jar;C:\Users\Karthik\.m2\repository\io\cucumber\cucumber-expressions\17.0.1\cucumber-expressions-17.0.1.jar;C:\Users\Karthik\.m2\repository\io\cucumber\datatable\7.15.0\datatable-7.15.0.jar;C:\Users\Karthik\.m2\repository\io\cucumber\cucumber-plugin\7.15.0\cucumber-plugin-7.15.0.jar;C:\Users\Karthik\.m2\repository\io\cucumber\docstring\7.15.0\docstring-7.15.0.jar;C:\Users\Karthik\.m2\repository\io\cucumber\html-formatter\20.4.0\html-formatter-20.4.0.jar;C:\Users\Karthik\.m2\repository\io\cucumber\junit-xml-formatter\0.2.0\junit-xml-formatter-0.2.0.jar;C:\Users\Karthik\.m2\repository\io\cucumber\ci-environment\10.0.0\ci-environment-10.0.0.jar;C:\Users\Karthik\.m2\repository\org\seleniumhq\selenium\selenium-java\4.11.0\selenium-java-4.11.0.jar;C:\Users\Karthik\.m2\repository\org\seleniumhq\selenium\selenium-api\4.11.0\selenium-api-4.11.0.jar;C:\Users\Karthik\.m2\repository\org\seleniumhq\selenium\selenium-chrome-driver\4.11.0\selenium-chrome-driver-4.11.0.jar;C:\Users\Karthik\.m2\repository\com\google\auto\service\auto-service-annotations\1.0.1\auto-service-annotations-1.0.1.jar;C:\Users\Karthik\.m2\repository\com\google\guava\guava\31.1-jre\guava-31.1-jre.jar;C:\Users\Karthik\.m2\repository\com\google\guava\failureaccess\1.0.1\failureaccess-1.0.1.jar;C:\Users\Karthik\.m2\repository\com\google\guava\listenablefuture\9999.0-empty-to-avoid-conflict-with-guava\listenablefuture-9999.0-empty-to-avoid-conflict-with-guava.jar;C:\Users\Karthik\.m2\repository\com\google\code\findbugs\jsr305\3.0.2\jsr305-3.0.2.jar;C:\Users\Karthik\.m2\repository\org\checkerframework\checker-qual\3.12.0\checker-qual-3.12.0.jar;C:\Users\Karthik\.m2\repository\com\google\errorprone\error_prone_annotations\2.11.0\error_prone_annotations-2.11.0.jar;C:\Users\Karthik\.m2\repository\com\google\j2objc\j2objc-annotations\1.3\j2objc-annotations-1.3.jar;C:\Users\Karthik\.m2\repository\org\seleniumhq\selenium\selenium-chromium-driver\4.11.0\selenium-chromium-driver-4.11.0.jar;C:\Users\Karthik\.m2\repository\org\seleniumhq\selenium\selenium-json\4.11.0\selenium-json-4.11.0.jar;C:\Users\Karthik\.m2\repository\org\seleniumhq\selenium\selenium-manager\4.11.0\selenium-manager-4.11.0.jar;C:\Users\Karthik\.m2\repository\org\seleniumhq\selenium\selenium-devtools-v113\4.11.0\selenium-devtools-v113-4.11.0.jar;C:\Users\Karthik\.m2\repository\org\seleniumhq\selenium\selenium-devtools-v114\4.11.0\selenium-devtools-v114-4.11.0.jar;C:\Users\Karthik\.m2\repository\org\seleniumhq\selenium\selenium-devtools-v115\4.11.0\selenium-devtools-v115-4.11.0.jar;C:\Users\Karthik\.m2\repository\org\seleniumhq\selenium\selenium-devtools-v85\4.11.0\selenium-devtools-v85-4.11.0.jar;C:\Users\Karthik\.m2\repository\org\seleniumhq\selenium\selenium-edge-driver\4.11.0\selenium-edge-driver-4.11.0.jar;C:\Users\Karthik\.m2\repository\org\seleniumhq\selenium\selenium-firefox-driver\4.11.0\selenium-firefox-driver-4.11.0.jar;C:\Users\Karthik\.m2\repository\org\seleniumhq\selenium\selenium-http\4.11.0\selenium-http-4.11.0.jar;C:\Users\Karthik\.m2\repository\dev\failsafe\failsafe\3.3.1\failsafe-3.3.1.jar;C:\Users\Karthik\.m2\repository\org\seleniumhq\selenium\selenium-ie-driver\4.11.0\selenium-ie-driver-4.11.0.jar;C:\Users\Karthik\.m2\repository\org\seleniumhq\selenium\selenium-remote-driver\4.11.0\selenium-remote-driver-4.11.0.jar;C:\Users\Karthik\.m2\repository\io\netty\netty-buffer\4.1.92.Final\netty-buffer-4.1.92.Final.jar;C:\Users\Karthik\.m2\repository\io\netty\netty-codec-http\4.1.92.Final\netty-codec-http-4.1.92.Final.jar;C:\Users\Karthik\.m2\repository\io\netty\netty-codec\4.1.92.Final\netty-codec-4.1.92.Final.jar;C:\Users\Karthik\.m2\repository\io\netty\netty-handler\4.1.92.Final\netty-handler-4.1.92.Final.jar;C:\Users\Karthik\.m2\repository\io\netty\netty-common\4.1.92.Final\netty-common-4.1.92.Final.jar;C:\Users\Karthik\.m2\repository\io\netty\netty-transport-classes-epoll\4.1.92.Final\netty-transport-classes-epoll-4.1.92.Final.jar;C:\Users\Karthik\.m2\repository\io\netty\netty-transport-classes-kqueue\4.1.92.Final\netty-transport-classes-kqueue-4.1.92.Final.jar;C:\Users\Karthik\.m2\repository\io\netty\netty-transport-native-epoll\4.1.92.Final\netty-transport-native-epoll-4.1.92.Final.jar;C:\Users\Karthik\.m2\repository\io\netty\netty-transport-native-kqueue\4.1.92.Final\netty-transport-native-kqueue-4.1.92.Final.jar;C:\Users\Karthik\.m2\repository\io\netty\netty-transport-native-unix-common\4.1.92.Final\netty-transport-native-unix-common-4.1.92.Final.jar;C:\Users\Karthik\.m2\repository\io\netty\netty-transport\4.1.92.Final\netty-transport-4.1.92.Final.jar;C:\Users\Karthik\.m2\repository\io\netty\netty-resolver\4.1.92.Final\netty-resolver-4.1.92.Final.jar;C:\Users\Karthik\.m2\repository\io\opentelemetry\opentelemetry-api\1.26.0\opentelemetry-api-1.26.0.jar;C:\Users\Karthik\.m2\repository\io\opentelemetry\opentelemetry-context\1.26.0\opentelemetry-context-1.26.0.jar;C:\Users\Karthik\.m2\repository\io\opentelemetry\opentelemetry-exporter-logging\1.26.0\opentelemetry-exporter-logging-1.26.0.jar;C:\Users\Karthik\.m2\repository\io\opentelemetry\opentelemetry-sdk-metrics\1.26.0\opentelemetry-sdk-metrics-1.26.0.jar;C:\Users\Karthik\.m2\repository\io\opentelemetry\opentelemetry-extension-incubator\1.26.0-alpha\opentelemetry-extension-incubator-1.26.0-alpha.jar;C:\Users\Karthik\.m2\repository\io\opentelemetry\opentelemetry-sdk-logs\1.26.0-alpha\opentelemetry-sdk-logs-1.26.0-alpha.jar;C:\Users\Karthik\.m2\repository\io\opentelemetry\opentelemetry-api-logs\1.26.0-alpha\opentelemetry-api-logs-1.26.0-alpha.jar;C:\Users\Karthik\.m2\repository\io\opentelemetry\opentelemetry-api-events\1.26.0-alpha\opentelemetry-api-events-1.26.0-alpha.jar;C:\Users\Karthik\.m2\repository\io\opentelemetry\opentelemetry-sdk-common\1.26.0\opentelemetry-sdk-common-1.26.0.jar;C:\Users\Karthik\.m2\repository\io\opentelemetry\opentelemetry-sdk-extension-autoconfigure-spi\1.26.0\opentelemetry-sdk-extension-autoconfigure-spi-1.26.0.jar;C:\Users\Karthik\.m2\repository\io\opentelemetry\opentelemetry-sdk-extension-autoconfigure\1.26.0-alpha\opentelemetry-sdk-extension-autoconfigure-1.26.0-alpha.jar;C:\Users\Karthik\.m2\repository\io\opentelemetry\opentelemetry-sdk-trace\1.26.0\opentelemetry-sdk-trace-1.26.0.jar;C:\Users\Karthik\.m2\repository\io\opentelemetry\opentelemetry-sdk\1.26.0\opentelemetry-sdk-1.26.0.jar;C:\Users\Karthik\.m2\repository\io\opentelemetry\opentelemetry-semconv\1.26.0-alpha\opentelemetry-semconv-1.26.0-alpha.jar;C:\Users\Karthik\.m2\repository\net\bytebuddy\byte-buddy\1.14.4\byte-buddy-1.14.4.jar;C:\Users\Karthik\.m2\repository\org\apache\commons\commons-exec\1.3\commons-exec-1.3.jar;C:\Users\Karthik\.m2\repository\org\asynchttpclient\async-http-client\2.12.3\async-http-client-2.12.3.jar;C:\Users\Karthik\.m2\repository\org\asynchttpclient\async-http-client-netty-utils\2.12.3\async-http-client-netty-utils-2.12.3.jar;C:\Users\Karthik\.m2\repository\io\netty\netty-codec-socks\4.1.60.Final\netty-codec-socks-4.1.60.Final.jar;C:\Users\Karthik\.m2\repository\io\netty\netty-handler-proxy\4.1.60.Final\netty-handler-proxy-4.1.60.Final.jar;C:\Users\Karthik\.m2\repository\io\netty\netty-transport-native-epoll\4.1.60.Final\netty-transport-native-epoll-4.1.60.Final-linux-x86_64.jar;C:\Users\Karthik\.m2\repository\io\netty\netty-transport-native-kqueue\4.1.60.Final\netty-transport-native-kqueue-4.1.60.Final-osx-x86_64.jar;C:\Users\Karthik\.m2\repository\org\reactivestreams\reactive-streams\1.0.3\reactive-streams-1.0.3.jar;C:\Users\Karthik\.m2\repository\com\typesafe\netty\netty-reactive-streams\2.0.4\netty-reactive-streams-2.0.4.jar;C:\Users\Karthik\.m2\repository\com\sun\activation\jakarta.activation\1.2.2\jakarta.activation-1.2.2.jar;C:\Users\Karthik\.m2\repository\org\seleniumhq\selenium\selenium-safari-driver\4.11.0\selenium-safari-driver-4.11.0.jar;C:\Users\Karthik\.m2\repository\org\seleniumhq\selenium\selenium-support\4.11.0\selenium-support-4.11.0.jar;C:\Users\Karthik\.m2\repository\io\github\bonigarcia\webdrivermanager\5.4.1\webdrivermanager-5.4.1.jar;C:\Users\Karthik\.m2\repository\com\google\code\gson\gson\2.10.1\gson-2.10.1.jar;C:\Users\Karthik\.m2\repository\com\github\docker-java\docker-java\3.3.2\docker-java-3.3.2.jar;C:\Users\Karthik\.m2\repository\com\github\docker-java\docker-java-core\3.3.2\docker-java-core-3.3.2.jar;C:\Users\Karthik\.m2\repository\com\github\docker-java\docker-java-api\3.3.2\docker-java-api-3.3.2.jar;C:\Users\Karthik\.m2\repository\com\fasterxml\jackson\core\jackson-annotations\2.10.3\jackson-annotations-2.10.3.jar;C:\Users\Karthik\.m2\repository\commons-io\commons-io\2.6\commons-io-2.6.jar;C:\Users\Karthik\.m2\repository\com\fasterxml\jackson\core\jackson-databind\2.10.3\jackson-databind-2.10.3.jar;C:\Users\Karthik\.m2\repository\com\fasterxml\jackson\core\jackson-core\2.10.3\jackson-core-2.10.3.jar;C:\Users\Karthik\.m2\repository\org\bouncycastle\bcpkix-jdk15on\1.64\bcpkix-jdk15on-1.64.jar;C:\Users\Karthik\.m2\repository\org\bouncycastle\bcprov-jdk15on\1.64\bcprov-jdk15on-1.64.jar;C:\Users\Karthik\.m2\repository\org\slf4j\jcl-over-slf4j\1.7.30\jcl-over-slf4j-1.7.30.jar;C:\Users\Karthik\.m2\repository\com\github\docker-java\docker-java-transport-httpclient5\3.3.2\docker-java-transport-httpclient5-3.3.2.jar;C:\Users\Karthik\.m2\repository\com\github\docker-java\docker-java-transport\3.3.2\docker-java-transport-3.3.2.jar;C:\Users\Karthik\.m2\repository\net\java\dev\jna\jna\5.12.1\jna-5.12.1.jar;C:\Users\Karthik\.m2\repository\org\brotli\dec\0.1.2\dec-0.1.2.jar;C:\Users\Karthik\.m2\repository\org\apache\commons\commons-lang3\3.12.0\commons-lang3-3.12.0.jar;C:\Users\Karthik\.m2\repository\org\apache\httpcomponents\client5\httpclient5\5.2.1\httpclient5-5.2.1.jar;C:\Users\Karthik\.m2\repository\org\apache\httpcomponents\core5\httpcore5\5.2\httpcore5-5.2.jar;C:\Users\Karthik\.m2\repository\org\apache\httpcomponents\core5\httpcore5-h2\5.2\httpcore5-h2-5.2.jar;C:\Users\Karthik\.m2\repository\tech\grasshopper\extentreports-cucumber7-adapter\1.7.0\extentreports-cucumber7-adapter-1.7.0.jar;C:\Users\Karthik\.m2\repository\com\aventstack\extentreports\5.0.9\extentreports-5.0.9.jar;C:\Users\Karthik\.m2\repository\io\reactivex\rxjava3\rxjava\3.0.4\rxjava-3.0.4.jar;C:\Users\Karthik\.m2\repository\org\freemarker\freemarker\2.3.30\freemarker-2.3.30.jar;C:\Users\Karthik\.m2\repository\tech\grasshopper\extent-pdf-report\2.7.0\extent-pdf-report-2.7.0.jar;C:\Users\Karthik\.m2\repository\tech\grasshopper\cucumber-pdf-report\2.10.0\cucumber-pdf-report-2.10.0.jar;C:\Users\Karthik\.m2\repository\org\apache\pdfbox\pdfbox\2.0.26\pdfbox-2.0.26.jar;C:\Users\Karthik\.m2\repository\org\apache\pdfbox\fontbox\2.0.26\fontbox-2.0.26.jar;C:\Users\Karthik\.m2\repository\org\knowm\xchart\xchart\3.8.0\xchart-3.8.0.jar;C:\Users\Karthik\.m2\repository\de\erichseifert\vectorgraphics2d\VectorGraphics2D\0.13\VectorGraphics2D-0.13.jar;C:\Users\Karthik\.m2\repository\de\rototor\pdfbox\graphics2d\0.30\graphics2d-0.30.jar;C:\Users\Karthik\.m2\repository\com\madgag\animated-gif-lib\1.4\animated-gif-lib-1.4.jar;C:\Users\Karthik\.m2\repository\org\yaml\snakeyaml\1.28\snakeyaml-1.28.jar;C:\Users\Karthik\.m2\repository\tech\grasshopper\table-layout\1.5.1\table-layout-1.5.1.jar;C:\Users\Karthik\.m2\repository\tech\grasshopper\rest-assured-cucumber-pdf-report\1.4.1\rest-assured-cucumber-pdf-report-1.4.1.jar;C:\Users\Karthik\.m2\repository\org\jsoup\jsoup\1.14.3\jsoup-1.14.3.jar;C:\Users\Karthik\.m2\repository\com\aventstack\klov-reporter\5.0.9\klov-reporter-5.0.9.jar;C:\Users\Karthik\.m2\repository\org\mongodb\mongodb-driver\3.6.4\mongodb-driver-3.6.4.jar;C:\Users\Karthik\.m2\repository\org\mongodb\mongodb-driver-core\3.6.4\mongodb-driver-core-3.6.4.jar;C:\Users\Karthik\.m2\repository\org\mongodb\bson\3.6.4\bson-3.6.4.jar;C:\Users\Karthik\.m2\repository\org\apache\httpcomponents\httpclient\4.5.13\httpclient-4.5.13.jar;C:\Users\Karthik\.m2\repository\org\apache\httpcomponents\httpcore\4.4.13\httpcore-4.4.13.jar;C:\Users\Karthik\.m2\repository\commons-logging\commons-logging\1.2\commons-logging-1.2.jar;C:\Users\Karthik\.m2\repository\org\apache\httpcomponents\httpmime\4.5.13\httpmime-4.5.13.jar;C:\Users\Karthik\.m2\repository\tech\grasshopper\htmlextentreporter\1.0.1\htmlextentreporter-1.0.1.jar;C:\Users\Karthik\.m2\repository\io\cucumber\cucumber-picocontainer\7.15.0\cucumber-picocontainer-7.15.0.jar;C:\Users\Karthik\.m2\repository\org\picocontainer\picocontainer\2.15\picocontainer-2.15.jar;"/>
    <property name="sun.cpu.endian" value="little"/>
    <property name="user.home" value="C:\Users\Karthik"/>
    <property name="user.language" value="en"/>
    <property name="java.specification.vendor" value="Oracle Corporation"/>
    <property name="java.version.date" value="2023-10-17"/>
    <property name="java.home" value="C:\Users\Karthik\.p2\pool\plugins\org.eclipse.justj.openjdk.hotspot.jre.full.win32.x86_64_17.0.9.v20231028-0858\jre"/>
    <property name="file.separator" value="\"/>
    <property name="style.color" value="always"/>
    <property name="basedir" value="C:\Users\Karthik\eclipse-workspace\Chiltern-Oak"/>
    <property name="java.vm.compressedOopsMode" value="32-bit"/>
    <property name="line.separator" value="&#10;"/>
    <property name="java.vm.specification.vendor" value="Oracle Corporation"/>
    <property name="java.specification.name" value="Java Platform API Specification"/>
    <property name="surefire.real.class.path" value="C:\Users\Karthik\AppData\Local\Temp\surefire8658447272487109577\surefirebooter11300792073464442886.jar"/>
    <property name="user.script" value=""/>
    <property name="sun.management.compiler" value="HotSpot 64-Bit Tiered Compilers"/>
    <property name="java.runtime.version" value="17.0.9+9"/>
    <property name="user.name" value="Karthik"/>
    <property name="path.separator" value=";"/>
    <property name="os.version" value="10.0"/>
    <property name="java.runtime.name" value="OpenJDK Runtime Environment"/>
    <property name="file.encoding" value="Cp1252"/>
    <property name="java.vm.name" value="OpenJDK 64-Bit Server VM"/>
    <property name="java.vendor.version" value="Temurin-17.0.9+9"/>
    <property name="localRepository" value="C:\Users\Karthik\.m2\repository"/>
    <property name="java.vendor.url.bug" value="https://github.com/adoptium/adoptium-support/issues"/>
    <property name="java.io.tmpdir" value="C:\Users\Karthik\AppData\Local\Temp\"/>
    <property name="java.version" value="17.0.9"/>
    <property name="user.dir" value="C:\Users\Karthik\eclipse-workspace\Chiltern-Oak"/>
    <property name="os.arch" value="amd64"/>
    <property name="java.vm.specification.name" value="Java Virtual Machine Specification"/>
    <property name="sun.os.patch.level" value=""/>
    <property name="native.encoding" value="Cp1252"/>
    <property name="java.library.path" value="C:\Users\Karthik\.p2\pool\plugins\org.eclipse.justj.openjdk.hotspot.jre.full.win32.x86_64_17.0.9.v20231028-0858\jre\bin;C:\WINDOWS\Sun\Java\bin;C:\WINDOWS\system32;C:\WINDOWS;C:/Users/Karthik/.p2/pool/plugins/org.eclipse.justj.openjdk.hotspot.jre.full.win32.x86_64_17.0.9.v20231028-0858/jre/bin/server;C:/Users/Karthik/.p2/pool/plugins/org.eclipse.justj.openjdk.hotspot.jre.full.win32.x86_64_17.0.9.v20231028-0858/jre/bin;C:\Program Files\Micro Focus\NV\lib\shunra\vcat;C:\Program Files\Common Files\Oracle\Java\javapath;C:\Program Files (x86)\Common Files\Oracle\Java\javapath;C:\WINDOWS\system32;C:\WINDOWS;C:\WINDOWS\System32\Wbem;C:\WINDOWS\System32\WindowsPowerShell\v1.0\;C:\WINDOWS\System32\OpenSSH\;C:\Program Files\dotnet\;C:\Program Files\maven\apache-maven-3.8.8\bin;C:\Program Files\Git\cmd;C:\Program Files\Java\jdk-21\bin;C:\Program Files\nodejs\;C:\Program Files (x86)\dotnet\;C:\Program Files (x86)\OpenText\UFT One\bin;C:\Program Files (x86)\Micro Focus\LoadRunner\bin\Silk\Silk Performer 21.0;C:\Users\Karthik\AppData\Local\Microsoft\WindowsApps;C:\Program Files\Java\jdk-17\bin;;C:\Users\Karthik\AppData\Local\Programs\Microsoft VS Code\bin;C:\Users\Karthik\AppData\Roaming\npm;C:\Users\Karthik\Desktop;;."/>
    <property name="java.vm.info" value="mixed mode"/>
    <property name="java.vendor" value="Eclipse Adoptium"/>
    <property name="java.vm.version" value="17.0.9+9"/>
    <property name="sun.io.unicode.encoding" value="UnicodeLittle"/>
    <property name="java.class.version" value="61.0"/>
  </properties>
  <testcase name="runScenario" classname="com.project.rll.runners.TestNgRunner" time="32.748"/>
  <testcase name="runScenario" classname="com.project.rll.runners.TestNgRunner" time="25.681">
    <failure message="expected [true] but found [false]" type="java.lang.AssertionError">java.lang.AssertionError: expected [true] but found [false]
</failure>
    <system-out><![CDATA[
@signup @chilternoak
Scenario Outline: To test the SigUp functionality of Chiltern Oak page &amp#27;[90m# src/test/resource/Features/Asignup.feature:16&amp#27;[0m
[INFO ] 2024-02-29 19:25:55.310 [main] SignUpStepDefs - User navigates to the signuppage
  &amp#27;[32mGiven &amp#27;[0m&amp#27;[32muser navigates to the signup page&amp#27;[0m                              &amp#27;[90m# com.project.rll.steps.SignUpStepDefs.user_navigates_to_the_signup_page()&amp#27;[0m
[INFO ] 2024-02-29 19:26:02.381 [main] SignUpStepDefs - the user enters their first name 
User enters First name
  &amp#27;[32mWhen &amp#27;[0m&amp#27;[32mthe user enters their first name as &amp#27;[0m&amp#27;[32m&amp#27;[1m'User'&amp#27;[0m                      &amp#27;[90m# com.project.rll.steps.SignUpStepDefs.the_user_enters_their_first_name_as(java.lang.String)&amp#27;[0m
[INFO ] 2024-02-29 19:26:02.521 [main] SignUpStepDefs - the user enters their last name 
User enters Last name
  &amp#27;[32mAnd &amp#27;[0m&amp#27;[32mthe user enters their last name as &amp#27;[0m&amp#27;[32m&amp#27;[1m'A'&amp#27;[0m                           &amp#27;[90m# com.project.rll.steps.SignUpStepDefs.the_user_enters_their_last_name_as(java.lang.String)&amp#27;[0m
[INFO ] 2024-02-29 19:26:02.627 [main] SignUpStepDefs - the user enters their email 
User enters email
  &amp#27;[32mAnd &amp#27;[0m&amp#27;[32mthe user enters their email as &amp#27;[0m&amp#27;[32m&amp#27;[1m''&amp#27;[0m                                &amp#27;[90m# com.project.rll.steps.SignUpStepDefs.the_user_enters_their_email_as(java.lang.String)&amp#27;[0m
[INFO ] 2024-02-29 19:26:03.172 [main] SignUpStepDefs - the user enters their password 
User enters password
  &amp#27;[32mAnd &amp#27;[0m&amp#27;[32mthe user enters their password as &amp#27;[0m&amp#27;[32m&amp#27;[1m'Qseasfrr@123'&amp#27;[0m                 &amp#27;[90m# com.project.rll.steps.SignUpStepDefs.the_user_enters_their_password_as(java.lang.String)&amp#27;[0m
[INFO ] 2024-02-29 19:26:03.324 [main] SignUpStepDefs - the user click on create botton 
  &amp#27;[32mAnd &amp#27;[0m&amp#27;[32mthe user click on create botton&amp#27;[0m                                  &amp#27;[90m# com.project.rll.steps.SignUpStepDefs.the_user_click_on_create_botton()&amp#27;[0m
[INFO ] 2024-02-29 19:26:13.602 [main] SignUpStepDefs - the user should be registered successfully 
Email can't be blank.
  &amp#27;[31mThen &amp#27;[0m&amp#27;[31mthe user should see the status as &amp#27;[0m&amp#27;[31m&amp#27;[1m"Email can't be blanK."&amp#27;[0m       &amp#27;[90m# com.project.rll.steps.SignUpStepDefs.the_user_should_see_the_status_as(java.lang.String)&amp#27;[0m
      &amp#27;[31mjava.lang.AssertionError: expected [true] but found [false]
	at org.testng.Assert.fail(Assert.java:110)
	at org.testng.Assert.failNotEquals(Assert.java:1577)
	at org.testng.Assert.assertTrue(Assert.java:56)
	at org.testng.Assert.assertTrue(Assert.java:66)
	at com.project.rll.steps.SignUpStepDefs.the_user_should_see_the_status_as(SignUpStepDefs.java:65)
	at âœ½.the user should see the status as "Email can't be blanK."(file:///C:/Users/Karthik/eclipse-workspace/Chiltern-Oak/src/test/resource/Features/Asignup.feature:11)
&amp#27;[0m

    Embedding To test the SigUp functionality of Chiltern Oak page [image/png 81722 bytes]

]]></system-out>
    <system-err><![CDATA[Feb 29, 2024 7:25:50 PM org.openqa.selenium.devtools.CdpVersionFinder findNearestMatch
WARNING: Unable to find CDP implementation matching 122
Feb 29, 2024 7:25:50 PM org.openqa.selenium.chromium.ChromiumDriver lambda$new$5
WARNING: Unable to find version of CDP to use for 122.0.6261.70. You may need to include a dependency on a specific version of the CDP using something similar to `org.seleniumhq.selenium:selenium-devtools-v86:4.11.0` where the version ("v86") matches the version of the chromium-based browser you're using and the version number of the artifact is the same as Selenium's.
]]></system-err>
  </testcase>
  <testcase name="runScenario" classname="com.project.rll.runners.TestNgRunner" time="23.79"/>
  <testcase name="runScenario" classname="com.project.rll.runners.TestNgRunner" time="25.425">
    <failure message="no such element: Unable to locate element: {&quot;method&quot;:&quot;xpath&quot;,&quot;selector&quot;:&quot;//div[@class=&apos;errors&apos;]/ul/li&quot;}&#10;  (Session info: chrome=122.0.6261.70)&#10;For documentation on this error, please visit: https://www.selenium.dev/documentation/webdriver/troubleshooting/errors#no-such-element-exception&#10;Build info: version: &apos;4.11.0&apos;, revision: &apos;040bc5406b&apos;&#10;System info: os.name: &apos;Windows 11&apos;, os.arch: &apos;amd64&apos;, os.version: &apos;10.0&apos;, java.version: &apos;17.0.9&apos;&#10;Driver info: org.openqa.selenium.chrome.ChromeDriver&#10;Command: [ed491fa9279c268c7bdaeef263d0e7d3, findElement {using=xpath, value=//div[@class=&apos;errors&apos;]/ul/li}]&#10;Capabilities {acceptInsecureCerts: false, browserName: chrome, browserVersion: 122.0.6261.70, chrome: {chromedriverVersion: 122.0.6261.94 (880dbf29479c..., userDataDir: C:\Users\Karthik\AppData\Lo...}, fedcm:accounts: true, goog:chromeOptions: {debuggerAddress: localhost:50753}, networkConnectionEnabled: false, pageLoadStrategy: normal, platformName: windows, proxy: Proxy(), se:cdp: ws://localhost:50753/devtoo..., se:cdpVersion: 122.0.6261.70, setWindowRect: true, strictFileInteractability: false, timeouts: {implicit: 0, pageLoad: 300000, script: 30000}, unhandledPromptBehavior: dismiss and notify, webauthn:extension:credBlob: true, webauthn:extension:largeBlob: true, webauthn:extension:minPinLength: true, webauthn:extension:prf: true, webauthn:virtualAuthenticators: true}&#10;Session ID: ed491fa9279c268c7bdaeef263d0e7d3" type="org.openqa.selenium.NoSuchElementException">org.openqa.selenium.NoSuchElementException: 
no such element: Unable to locate element: {"method":"xpath","selector":"//div[@class='errors']/ul/li"}
  (Session info: chrome=122.0.6261.70)
For documentation on this error, please visit: https://www.selenium.dev/documentation/webdriver/troubleshooting/errors#no-such-element-exception
Build info: version: '4.11.0', revision: '040bc5406b'
System info: os.name: 'Windows 11', os.arch: 'amd64', os.version: '10.0', java.version: '17.0.9'
Driver info: org.openqa.selenium.chrome.ChromeDriver
Command: [ed491fa9279c268c7bdaeef263d0e7d3, findElement {using=xpath, value=//div[@class='errors']/ul/li}]
Capabilities {acceptInsecureCerts: false, browserName: chrome, browserVersion: 122.0.6261.70, chrome: {chromedriverVersion: 122.0.6261.94 (880dbf29479c..., userDataDir: C:\Users\Karthik\AppData\Lo...}, fedcm:accounts: true, goog:chromeOptions: {debuggerAddress: localhost:50753}, networkConnectionEnabled: false, pageLoadStrategy: normal, platformName: windows, proxy: Proxy(), se:cdp: ws://localhost:50753/devtoo..., se:cdpVersion: 122.0.6261.70, setWindowRect: true, strictFileInteractability: false, timeouts: {implicit: 0, pageLoad: 300000, script: 30000}, unhandledPromptBehavior: dismiss and notify, webauthn:extension:credBlob: true, webauthn:extension:largeBlob: true, webauthn:extension:minPinLength: true, webauthn:extension:prf: true, webauthn:virtualAuthenticators: true}
Session ID: ed491fa9279c268c7bdaeef263d0e7d3
</failure>
    <system-out><![CDATA[
@signup @chilternoak
Scenario Outline: To test the SigUp functionality of Chiltern Oak page &amp#27;[90m# src/test/resource/Features/Asignup.feature:18&amp#27;[0m
[INFO ] 2024-02-29 19:26:43.831 [main] SignUpStepDefs - User navigates to the signuppage
  &amp#27;[32mGiven &amp#27;[0m&amp#27;[32muser navigates to the signup page&amp#27;[0m                              &amp#27;[90m# com.project.rll.steps.SignUpStepDefs.user_navigates_to_the_signup_page()&amp#27;[0m
[INFO ] 2024-02-29 19:26:49.636 [main] SignUpStepDefs - the user enters their first name 
User enters First name
  &amp#27;[32mWhen &amp#27;[0m&amp#27;[32mthe user enters their first name as &amp#27;[0m&amp#27;[32m&amp#27;[1m''&amp#27;[0m                          &amp#27;[90m# com.project.rll.steps.SignUpStepDefs.the_user_enters_their_first_name_as(java.lang.String)&amp#27;[0m
[INFO ] 2024-02-29 19:26:49.787 [main] SignUpStepDefs - the user enters their last name 
User enters Last name
  &amp#27;[32mAnd &amp#27;[0m&amp#27;[32mthe user enters their last name as &amp#27;[0m&amp#27;[32m&amp#27;[1m''&amp#27;[0m                            &amp#27;[90m# com.project.rll.steps.SignUpStepDefs.the_user_enters_their_last_name_as(java.lang.String)&amp#27;[0m
[INFO ] 2024-02-29 19:26:49.886 [main] SignUpStepDefs - the user enters their email 
User enters email
  &amp#27;[32mAnd &amp#27;[0m&amp#27;[32mthe user enters their email as &amp#27;[0m&amp#27;[32m&amp#27;[1m''&amp#27;[0m                                &amp#27;[90m# com.project.rll.steps.SignUpStepDefs.the_user_enters_their_email_as(java.lang.String)&amp#27;[0m
[INFO ] 2024-02-29 19:26:50.004 [main] SignUpStepDefs - the user enters their password 
User enters password
  &amp#27;[32mAnd &amp#27;[0m&amp#27;[32mthe user enters their password as &amp#27;[0m&amp#27;[32m&amp#27;[1m''&amp#27;[0m                             &amp#27;[90m# com.project.rll.steps.SignUpStepDefs.the_user_enters_their_password_as(java.lang.String)&amp#27;[0m
[INFO ] 2024-02-29 19:26:50.085 [main] SignUpStepDefs - the user click on create botton 
  &amp#27;[32mAnd &amp#27;[0m&amp#27;[32mthe user click on create botton&amp#27;[0m                                  &amp#27;[90m# com.project.rll.steps.SignUpStepDefs.the_user_click_on_create_botton()&amp#27;[0m
[INFO ] 2024-02-29 19:27:02.760 [main] SignUpStepDefs - the user should be registered successfully 
  &amp#27;[31mThen &amp#27;[0m&amp#27;[31mthe user should see the status as &amp#27;[0m&amp#27;[31m&amp#27;[1m"Password can't be blank."&amp#27;[0m    &amp#27;[90m# com.project.rll.steps.SignUpStepDefs.the_user_should_see_the_status_as(java.lang.String)&amp#27;[0m
      &amp#27;[31morg.openqa.selenium.NoSuchElementException: no such element: Unable to locate element: {"method":"xpath","selector":"//div[@class='errors']/ul/li"}
  (Session info: chrome=122.0.6261.70)
For documentation on this error, please visit: https://www.selenium.dev/documentation/webdriver/troubleshooting/errors#no-such-element-exception
Build info: version: '4.11.0', revision: '040bc5406b'
System info: os.name: 'Windows 11', os.arch: 'amd64', os.version: '10.0', java.version: '17.0.9'
Driver info: org.openqa.selenium.chrome.ChromeDriver
Command: [ed491fa9279c268c7bdaeef263d0e7d3, findElement {using=xpath, value=//div[@class='errors']/ul/li}]
Capabilities {acceptInsecureCerts: false, browserName: chrome, browserVersion: 122.0.6261.70, chrome: {chromedriverVersion: 122.0.6261.94 (880dbf29479c..., userDataDir: C:\Users\Karthik\AppData\Lo...}, fedcm:accounts: true, goog:chromeOptions: {debuggerAddress: localhost:50753}, networkConnectionEnabled: false, pageLoadStrategy: normal, platformName: windows, proxy: Proxy(), se:cdp: ws://localhost:50753/devtoo..., se:cdpVersion: 122.0.6261.70, setWindowRect: true, strictFileInteractability: false, timeouts: {implicit: 0, pageLoad: 300000, script: 30000}, unhandledPromptBehavior: dismiss and notify, webauthn:extension:credBlob: true, webauthn:extension:largeBlob: true, webauthn:extension:minPinLength: true, webauthn:extension:prf: true, webauthn:virtualAuthenticators: true}
Session ID: ed491fa9279c268c7bdaeef263d0e7d3
	at java.base/jdk.internal.reflect.NativeConstructorAccessorImpl.newInstance0(Native Method)
	at java.base/jdk.internal.reflect.NativeConstructorAccessorImpl.newInstance(NativeConstructorAccessorImpl.java:77)
	at java.base/jdk.internal.reflect.DelegatingConstructorAccessorImpl.newInstance(DelegatingConstructorAccessorImpl.java:45)
	at java.base/java.lang.reflect.Constructor.newInstanceWithCaller(Constructor.java:499)
	at java.base/java.lang.reflect.Constructor.newInstance(Constructor.java:480)
	at org.openqa.selenium.remote.codec.w3c.W3CHttpResponseCodec.createException(W3CHttpResponseCodec.java:200)
	at org.openqa.selenium.remote.codec.w3c.W3CHttpResponseCodec.decode(W3CHttpResponseCodec.java:133)
	at org.openqa.selenium.remote.codec.w3c.W3CHttpResponseCodec.decode(W3CHttpResponseCodec.java:52)
	at org.openqa.selenium.remote.HttpCommandExecutor.execute(HttpCommandExecutor.java:191)
	at org.openqa.selenium.remote.service.DriverCommandExecutor.invokeExecute(DriverCommandExecutor.java:196)
	at org.openqa.selenium.remote.service.DriverCommandExecutor.execute(DriverCommandExecutor.java:171)
	at org.openqa.selenium.remote.RemoteWebDriver.execute(RemoteWebDriver.java:518)
	at org.openqa.selenium.remote.ElementLocation$ElementFinder$2.findElement(ElementLocation.java:165)
	at org.openqa.selenium.remote.ElementLocation.findElement(ElementLocation.java:59)
	at org.openqa.selenium.remote.RemoteWebDriver.findElement(RemoteWebDriver.java:355)
	at org.openqa.selenium.remote.RemoteWebDriver.findElement(RemoteWebDriver.java:349)
	at org.openqa.selenium.support.pagefactory.DefaultElementLocator.findElement(DefaultElementLocator.java:68)
	at org.openqa.selenium.support.pagefactory.internal.LocatingElementHandler.invoke(LocatingElementHandler.java:38)
	at jdk.proxy2/jdk.proxy2.$Proxy41.getText(Unknown Source)
	at com.project.rll.pages.SignUpPage.validate_confirm(SignUpPage.java:104)
	at com.project.rll.steps.SignUpStepDefs.the_user_should_see_the_status_as(SignUpStepDefs.java:63)
	at âœ½.the user should see the status as "Password can't be blank."(file:///C:/Users/Karthik/eclipse-workspace/Chiltern-Oak/src/test/resource/Features/Asignup.feature:11)
&amp#27;[0m

    Embedding To test the SigUp functionality of Chiltern Oak page [image/png 86594 bytes]

]]></system-out>
    <system-err><![CDATA[Feb 29, 2024 7:26:39 PM org.openqa.selenium.devtools.CdpVersionFinder findNearestMatch
WARNING: Unable to find CDP implementation matching 122
Feb 29, 2024 7:26:39 PM org.openqa.selenium.chromium.ChromiumDriver lambda$new$5
WARNING: Unable to find version of CDP to use for 122.0.6261.70. You may need to include a dependency on a specific version of the CDP using something similar to `org.seleniumhq.selenium:selenium-devtools-v86:4.11.0` where the version ("v86") matches the version of the chromium-based browser you're using and the version number of the artifact is the same as Selenium's.
]]></system-err>
  </testcase>
  <testcase name="runScenario" classname="com.project.rll.runners.TestNgRunner" time="25.061"/>
  <testcase name="runScenario" classname="com.project.rll.runners.TestNgRunner" time="14.412">
    <failure message="expected:&lt;...noakfurniture.co.uk/[challenge]&gt; but was:&lt;...noakfurniture.co.uk/[account/login?return_url=%2Faccount]&gt;" type="junit.framework.ComparisonFailure"><![CDATA[junit.framework.ComparisonFailure: expected:<...noakfurniture.co.uk/[challenge]> but was:<...noakfurniture.co.uk/[account/login?return_url=%2Faccount]>
]]></failure>
    <system-out><![CDATA[
@login @chilternoak
Scenario Outline: User login with different credentials by using excel                                                    &amp#27;[90m# src/test/resource/Features/Blogin.feature:12&amp#27;[0m
[INFO ] 2024-02-29 19:27:35.751 [main] LoginStepDefs - User navigates to the loginpage
  &amp#27;[32mGiven &amp#27;[0m&amp#27;[32muser navigates to the login page&amp#27;[0m                                                                                  &amp#27;[90m# com.project.rll.steps.LoginStepDefs.user_navigates_to_the_login_page()&amp#27;[0m
[INFO ] 2024-02-29 19:27:37.698 [main] LoginStepDefs - user enters username and password
  &amp#27;[32mWhen &amp#27;[0m&amp#27;[32muser enters username and password by giving &amp#27;[0m&amp#27;[32m&amp#27;[1m"login"&amp#27;[0m&amp#27;[32m and &amp#27;[0m&amp#27;[32m&amp#27;[1m1&amp#27;[0m                                                          &amp#27;[90m# com.project.rll.steps.LoginStepDefs.user_enters_and(java.lang.String,int)&amp#27;[0m
[INFO ] 2024-02-29 19:27:42.458 [main] LoginStepDefs - clicks the login button
  &amp#27;[32mAnd &amp#27;[0m&amp#27;[32mclicks the login button&amp#27;[0m                                                                                             &amp#27;[90m# com.project.rll.steps.LoginStepDefs.clicks_the_login_button()&amp#27;[0m
[INFO ] 2024-02-29 19:27:42.460 [main] LoginStepDefs - Message Should Be Displayed
  &amp#27;[31mThen &amp#27;[0m&amp#27;[31mverify user is able to login checking &amp#27;[0m&amp#27;[31m&amp#27;[1m"https://www.chilternoakfurniture.co.uk/account/login?return_url=%2Faccount"&amp#27;[0m &amp#27;[90m# com.project.rll.steps.LoginStepDefs.verify_user_is_able_to_login_checking(java.lang.String)&amp#27;[0m
      &amp#27;[31mjunit.framework.ComparisonFailure: expected:<...noakfurniture.co.uk/[challenge]> but was:<...noakfurniture.co.uk/[account/login?return_url=%2Faccount]>
	at junit.framework.Assert.assertEquals(Assert.java:100)
	at junit.framework.Assert.assertEquals(Assert.java:107)
	at com.project.rll.steps.LoginStepDefs.verify_user_is_able_to_login_checking(LoginStepDefs.java:59)
	at âœ½.verify user is able to login checking "https://www.chilternoakfurniture.co.uk/account/login?return_url=%2Faccount"(file:///C:/Users/Karthik/eclipse-workspace/Chiltern-Oak/src/test/resource/Features/Blogin.feature:8)
&amp#27;[0m

    Embedding User login with different credentials by using excel [image/png 86594 bytes]

]]></system-out>
    <system-err><![CDATA[Feb 29, 2024 7:27:30 PM org.openqa.selenium.devtools.CdpVersionFinder findNearestMatch
WARNING: Unable to find CDP implementation matching 122
Feb 29, 2024 7:27:30 PM org.openqa.selenium.chromium.ChromiumDriver lambda$new$5
WARNING: Unable to find version of CDP to use for 122.0.6261.70. You may need to include a dependency on a specific version of the CDP using something similar to `org.seleniumhq.selenium:selenium-devtools-v86:4.11.0` where the version ("v86") matches the version of the chromium-based browser you're using and the version number of the artifact is the same as Selenium's.
]]></system-err>
  </testcase>
  <testcase name="runScenario" classname="com.project.rll.runners.TestNgRunner" time="10.417"/>
  <testcase name="runScenario" classname="com.project.rll.runners.TestNgRunner" time="12.665">
    <failure message="expected:&lt;...noakfurniture.co.uk/[challenge]&gt; but was:&lt;...noakfurniture.co.uk/[account/login?return_url=%2Faccount]&gt;" type="junit.framework.ComparisonFailure"><![CDATA[junit.framework.ComparisonFailure: expected:<...noakfurniture.co.uk/[challenge]> but was:<...noakfurniture.co.uk/[account/login?return_url=%2Faccount]>
]]></failure>
    <system-out><![CDATA[
@login @chilternoak
Scenario Outline: User login with different credentials by using excel                                                    &amp#27;[90m# src/test/resource/Features/Blogin.feature:14&amp#27;[0m
[INFO ] 2024-02-29 19:27:59.077 [main] LoginStepDefs - User navigates to the loginpage
  &amp#27;[32mGiven &amp#27;[0m&amp#27;[32muser navigates to the login page&amp#27;[0m                                                                                  &amp#27;[90m# com.project.rll.steps.LoginStepDefs.user_navigates_to_the_login_page()&amp#27;[0m
[INFO ] 2024-02-29 19:28:02.581 [main] LoginStepDefs - user enters username and password
  &amp#27;[32mWhen &amp#27;[0m&amp#27;[32muser enters username and password by giving &amp#27;[0m&amp#27;[32m&amp#27;[1m"login"&amp#27;[0m&amp#27;[32m and &amp#27;[0m&amp#27;[32m&amp#27;[1m3&amp#27;[0m                                                          &amp#27;[90m# com.project.rll.steps.LoginStepDefs.user_enters_and(java.lang.String,int)&amp#27;[0m
[INFO ] 2024-02-29 19:28:05.575 [main] LoginStepDefs - clicks the login button
  &amp#27;[32mAnd &amp#27;[0m&amp#27;[32mclicks the login button&amp#27;[0m                                                                                             &amp#27;[90m# com.project.rll.steps.LoginStepDefs.clicks_the_login_button()&amp#27;[0m
[INFO ] 2024-02-29 19:28:05.575 [main] LoginStepDefs - Message Should Be Displayed
  &amp#27;[31mThen &amp#27;[0m&amp#27;[31mverify user is able to login checking &amp#27;[0m&amp#27;[31m&amp#27;[1m"https://www.chilternoakfurniture.co.uk/account/login?return_url=%2Faccount"&amp#27;[0m &amp#27;[90m# com.project.rll.steps.LoginStepDefs.verify_user_is_able_to_login_checking(java.lang.String)&amp#27;[0m
      &amp#27;[31mjunit.framework.ComparisonFailure: expected:<...noakfurniture.co.uk/[challenge]> but was:<...noakfurniture.co.uk/[account/login?return_url=%2Faccount]>
	at junit.framework.Assert.assertEquals(Assert.java:100)
	at junit.framework.Assert.assertEquals(Assert.java:107)
	at com.project.rll.steps.LoginStepDefs.verify_user_is_able_to_login_checking(LoginStepDefs.java:59)
	at âœ½.verify user is able to login checking "https://www.chilternoakfurniture.co.uk/account/login?return_url=%2Faccount"(file:///C:/Users/Karthik/eclipse-workspace/Chiltern-Oak/src/test/resource/Features/Blogin.feature:8)
&amp#27;[0m

    Embedding User login with different credentials by using excel [image/png 86594 bytes]

]]></system-out>
    <system-err><![CDATA[Feb 29, 2024 7:27:55 PM org.openqa.selenium.devtools.CdpVersionFinder findNearestMatch
WARNING: Unable to find CDP implementation matching 122
Feb 29, 2024 7:27:55 PM org.openqa.selenium.chromium.ChromiumDriver lambda$new$5
WARNING: Unable to find version of CDP to use for 122.0.6261.70. You may need to include a dependency on a specific version of the CDP using something similar to `org.seleniumhq.selenium:selenium-devtools-v86:4.11.0` where the version ("v86") matches the version of the chromium-based browser you're using and the version number of the artifact is the same as Selenium's.
]]></system-err>
  </testcase>
  <testcase name="runScenario" classname="com.project.rll.runners.TestNgRunner" time="11.434">
    <failure message="expected:&lt;...niture.co.uk/account[/login?return_url=%2Faccount]&gt; but was:&lt;...niture.co.uk/account[]&gt;" type="junit.framework.ComparisonFailure"><![CDATA[junit.framework.ComparisonFailure: expected:<...niture.co.uk/account[/login?return_url=%2Faccount]> but was:<...niture.co.uk/account[]>
]]></failure>
    <system-out><![CDATA[
@login @chilternoak
Scenario Outline: User login with different credentials by using excel                        &amp#27;[90m# src/test/resource/Features/Blogin.feature:15&amp#27;[0m
[INFO ] 2024-02-29 19:28:13.622 [main] LoginStepDefs - User navigates to the loginpage
  &amp#27;[32mGiven &amp#27;[0m&amp#27;[32muser navigates to the login page&amp#27;[0m                                                      &amp#27;[90m# com.project.rll.steps.LoginStepDefs.user_navigates_to_the_login_page()&amp#27;[0m
[INFO ] 2024-02-29 19:28:16.217 [main] LoginStepDefs - user enters username and password
  &amp#27;[32mWhen &amp#27;[0m&amp#27;[32muser enters username and password by giving &amp#27;[0m&amp#27;[32m&amp#27;[1m"login"&amp#27;[0m&amp#27;[32m and &amp#27;[0m&amp#27;[32m&amp#27;[1m4&amp#27;[0m                              &amp#27;[90m# com.project.rll.steps.LoginStepDefs.user_enters_and(java.lang.String,int)&amp#27;[0m
[INFO ] 2024-02-29 19:28:16.939 [main] LoginStepDefs - clicks the login button
  &amp#27;[32mAnd &amp#27;[0m&amp#27;[32mclicks the login button&amp#27;[0m                                                                 &amp#27;[90m# com.project.rll.steps.LoginStepDefs.clicks_the_login_button()&amp#27;[0m
[INFO ] 2024-02-29 19:28:16.957 [main] LoginStepDefs - Message Should Be Displayed
  &amp#27;[31mThen &amp#27;[0m&amp#27;[31mverify user is able to login checking &amp#27;[0m&amp#27;[31m&amp#27;[1m"https://www.chilternoakfurniture.co.uk/account"&amp#27;[0m &amp#27;[90m# com.project.rll.steps.LoginStepDefs.verify_user_is_able_to_login_checking(java.lang.String)&amp#27;[0m
      &amp#27;[31mjunit.framework.ComparisonFailure: expected:<...niture.co.uk/account[/login?return_url=%2Faccount]> but was:<...niture.co.uk/account[]>
	at junit.framework.Assert.assertEquals(Assert.java:100)
	at junit.framework.Assert.assertEquals(Assert.java:107)
	at com.project.rll.steps.LoginStepDefs.verify_user_is_able_to_login_checking(LoginStepDefs.java:59)
	at âœ½.verify user is able to login checking "https://www.chilternoakfurniture.co.uk/account"(file:///C:/Users/Karthik/eclipse-workspace/Chiltern-Oak/src/test/resource/Features/Blogin.feature:8)
&amp#27;[0m

    Embedding User login with different credentials by using excel [image/png 96382 bytes]

]]></system-out>
    <system-err><![CDATA[Feb 29, 2024 7:28:07 PM org.openqa.selenium.devtools.CdpVersionFinder findNearestMatch
WARNING: Unable to find CDP implementation matching 122
Feb 29, 2024 7:28:07 PM org.openqa.selenium.chromium.ChromiumDriver lambda$new$5
WARNING: Unable to find version of CDP to use for 122.0.6261.70. You may need to include a dependency on a specific version of the CDP using something similar to `org.seleniumhq.selenium:selenium-devtools-v86:4.11.0` where the version ("v86") matches the version of the chromium-based browser you're using and the version number of the artifact is the same as Selenium's.
]]></system-err>
  </testcase>
  <testcase name="runScenario" classname="com.project.rll.runners.TestNgRunner" time="9.926"/>
  <testcase name="runScenario" classname="com.project.rll.runners.TestNgRunner" time="11.487"/>
  <testcase name="runScenario" classname="com.project.rll.runners.TestNgRunner" time="9.389"/>
  <testcase name="runScenario" classname="com.project.rll.runners.TestNgRunner" time="11.67"/>
  <testcase name="runScenario" classname="com.project.rll.runners.TestNgRunner" time="12.168"/>
  <testcase name="runScenario" classname="com.project.rll.runners.TestNgRunner" time="11.091"/>
  <testcase name="runScenario" classname="com.project.rll.runners.TestNgRunner" time="9.018"/>
  <testcase name="runScenario" classname="com.project.rll.runners.TestNgRunner" time="8.139"/>
  <testcase name="runScenario" classname="com.project.rll.runners.TestNgRunner" time="23.13"/>
  <testcase name="runScenario" classname="com.project.rll.runners.TestNgRunner" time="43.818"/>
  <testcase name="runScenario" classname="com.project.rll.runners.TestNgRunner" time="12.154"/>
  <testcase name="runScenario" classname="com.project.rll.runners.TestNgRunner" time="20.676"/>
  <testcase name="runScenario" classname="com.project.rll.runners.TestNgRunner" time="12.408"/>
  <testcase name="runScenario" classname="com.project.rll.runners.TestNgRunner" time="13.38"/>
  <testcase name="runScenario" classname="com.project.rll.runners.TestNgRunner" time="18.2"/>
  <testcase name="runScenario" classname="com.project.rll.runners.TestNgRunner" time="18.019"/>
  <testcase name="runScenario" classname="com.project.rll.runners.TestNgRunner" time="29.809"/>
  <testcase name="runScenario" classname="com.project.rll.runners.TestNgRunner" time="30.486"/>
  <testcase name="runScenario" classname="com.project.rll.runners.TestNgRunner" time="31.384"/>
  <testcase name="runScenario" classname="com.project.rll.runners.TestNgRunner" time="29.8"/>
  <testcase name="runScenario" classname="com.project.rll.runners.TestNgRunner" time="29.739"/>
  <testcase name="runScenario" classname="com.project.rll.runners.TestNgRunner" time="13.874"/>
  <testcase name="runScenario" classname="com.project.rll.runners.TestNgRunner" time="12.224"/>
  <testcase name="runScenario" classname="com.project.rll.runners.TestNgRunner" time="13.081"/>
  <testcase name="runScenario" classname="com.project.rll.runners.TestNgRunner" time="12.224"/>
</testsuite>