<?xml version="1.0" encoding="UTF-8"?>
<!-- Generated by org.testng.reporters.JUnitReportReporter -->
<testsuite hostname="DESKTOP-FID91T4" failures="4" tests="34" name="com.project.rll.runners.TestNgRunner" time="628.935" errors="1" timestamp="2024-02-29T19:35:52 IST" skipped="0">
  <testcase classname="com.project.rll.runners.TestNgRunner" name="runScenario" time="13.380"/>
  <system-out/>
  <testcase classname="com.project.rll.runners.TestNgRunner" name="runScenario" time="10.417"/>
  <system-out/>
  <testcase classname="com.project.rll.runners.TestNgRunner" name="runScenario" time="29.739"/>
  <system-out/>
  <testcase classname="com.project.rll.runners.TestNgRunner" name="runScenario" time="8.140"/>
  <system-out/>
  <testcase classname="com.project.rll.runners.TestNgRunner" name="runScenario" time="13.080"/>
  <system-out/>
  <testcase classname="com.project.rll.runners.TestNgRunner" name="runScenario" time="11.434">
    <failure message="expected:&lt;...niture.co.uk/account[/login?return_url=%2Faccount]&gt; but was:&lt;...niture.co.uk/account[]&gt;" type="junit.framework.ComparisonFailure">
      <![CDATA[junit.framework.ComparisonFailure: expected:<...niture.co.uk/account[/login?return_url=%2Faccount]> but was:<...niture.co.uk/account[]>
at junit.framework.Assert.assertEquals(Assert.java:100)
at junit.framework.Assert.assertEquals(Assert.java:107)
at com.project.rll.steps.LoginStepDefs.verify_user_is_able_to_login_checking(LoginStepDefs.java:59)
at ✽.verify user is able to login checking "https://www.chilternoakfurniture.co.uk/account"(file:///C:/Users/Karthik/eclipse-workspace/Chiltern-Oak/src/test/resource/Features/Blogin.feature:8)
]]>
    </failure>
  </testcase> <!-- runScenario -->
  <system-out/>
  <testcase classname="com.project.rll.runners.TestNgRunner" name="runScenario" time="31.387"/>
  <system-out/>
  <testcase classname="com.project.rll.runners.TestNgRunner" name="runScenario" time="25.793">
    <failure message="expected [true] but found [false]" type="java.lang.AssertionError">
      <![CDATA[java.lang.AssertionError: expected [true] but found [false]
at org.testng.Assert.fail(Assert.java:110)
at org.testng.Assert.failNotEquals(Assert.java:1577)
at org.testng.Assert.assertTrue(Assert.java:56)
at org.testng.Assert.assertTrue(Assert.java:66)
at com.project.rll.steps.SignUpStepDefs.the_user_should_see_the_status_as(SignUpStepDefs.java:65)
at ✽.the user should see the status as "Email can't be blanK."(file:///C:/Users/Karthik/eclipse-workspace/Chiltern-Oak/src/test/resource/Features/Asignup.feature:11)
]]>
    </failure>
  </testcase> <!-- runScenario -->
  <system-out/>
  <testcase classname="com.project.rll.runners.TestNgRunner" name="runScenario" time="12.409"/>
  <system-out/>
  <testcase classname="com.project.rll.runners.TestNgRunner" name="runScenario" time="29.798"/>
  <system-out/>
  <testcase classname="com.project.rll.runners.TestNgRunner" name="runScenario" time="25.417">
    <error message="no such element: Unable to locate element: {&quot;method&quot;:&quot;xpath&quot;,&quot;selector&quot;:&quot;//div[@class=&#039;errors&#039;]/ul/li&quot;}
  (Session info: chrome=122.0.6261.70)
For documentation on this error, please visit: https://www.selenium.dev/documentation/webdriver/troubleshooting/errors#no-such-element-exception
Build info: version: &#039;4.11.0&#039;, revision: &#039;040bc5406b&#039;
System info: os.name: &#039;Windows 11&#039;, os.arch: &#039;amd64&#039;, os.version: &#039;10.0&#039;, java.version: &#039;17.0.9&#039;
Driver info: org.openqa.selenium.chrome.ChromeDriver
Command: [ed491fa9279c268c7bdaeef263d0e7d3, findElement {using=xpath, value=//div[@class=&#039;errors&#039;]/ul/li}]
Capabilities {acceptInsecureCerts: false, browserName: chrome, browserVersion: 122.0.6261.70, chrome: {chromedriverVersion: 122.0.6261.94 (880dbf29479c..., userDataDir: C:\Users\Karthik\AppData\Lo...}, fedcm:accounts: true, goog:chromeOptions: {debuggerAddress: localhost:50753}, networkConnectionEnabled: false, pageLoadStrategy: normal, platformName: windows, proxy: Proxy(), se:cdp: ws://localhost:50753/devtoo..., se:cdpVersion: 122.0.6261.70, setWindowRect: true, strictFileInteractability: false, timeouts: {implicit: 0, pageLoad: 300000, script: 30000}, unhandledPromptBehavior: dismiss and notify, webauthn:extension:credBlob: true, webauthn:extension:largeBlob: true, webauthn:extension:minPinLength: true, webauthn:extension:prf: true, webauthn:virtualAuthenticators: true}
Session ID: ed491fa9279c268c7bdaeef263d0e7d3" type="org.openqa.selenium.NoSuchElementException">
      <![CDATA[org.openqa.selenium.NoSuchElementException: no such element: Unable to locate element: {"method":"xpath","selector":"//div[@class='errors']/ul/li"}
  (Session info: chrome=122.0.6261.70)
For documentation on this error, please visit: https://www.selenium.dev/documentation/webdriver/troubleshooting/errors#no-such-element-exception
Build info: version: '4.11.0', revision: '040bc5406b'
System info: os.name: 'Windows 11', os.arch: 'amd64', os.version: '10.0', java.version: '17.0.9'
Driver info: org.openqa.selenium.chrome.ChromeDriver
Command: [ed491fa9279c268c7bdaeef263d0e7d3, findElement {using=xpath, value=//div[@class='errors']/ul/li}]
Capabilities {acceptInsecureCerts: false, browserName: chrome, browserVersion: 122.0.6261.70, chrome: {chromedriverVersion: 122.0.6261.94 (880dbf29479c..., userDataDir: C:\Users\Karthik\AppData\Lo...}, fedcm:accounts: true, goog:chromeOptions: {debuggerAddress: localhost:50753}, networkConnectionEnabled: false, pageLoadStrategy: normal, platformName: windows, proxy: Proxy(), se:cdp: ws://localhost:50753/devtoo..., se:cdpVersion: 122.0.6261.70, setWindowRect: true, strictFileInteractability: false, timeouts: {implicit: 0, pageLoad: 300000, script: 30000}, unhandledPromptBehavior: dismiss and notify, webauthn:extension:credBlob: true, webauthn:extension:largeBlob: true, webauthn:extension:minPinLength: true, webauthn:extension:prf: true, webauthn:virtualAuthenticators: true}
Session ID: ed491fa9279c268c7bdaeef263d0e7d3
at java.base/jdk.internal.reflect.NativeConstructorAccessorImpl.newInstance0(Native Method)
at java.base/jdk.internal.reflect.NativeConstructorAccessorImpl.newInstance(NativeConstructorAccessorImpl.java:77)
at java.base/jdk.internal.reflect.DelegatingConstructorAccessorImpl.newInstance(DelegatingConstructorAccessorImpl.java:45)
at java.base/java.lang.reflect.Constructor.newInstanceWithCaller(Constructor.java:499)
at java.base/java.lang.reflect.Constructor.newInstance(Constructor.java:480)
at org.openqa.selenium.remote.codec.w3c.W3CHttpResponseCodec.createException(W3CHttpResponseCodec.java:200)
at org.openqa.selenium.remote.codec.w3c.W3CHttpResponseCodec.decode(W3CHttpResponseCodec.java:133)
at org.openqa.selenium.remote.codec.w3c.W3CHttpResponseCodec.decode(W3CHttpResponseCodec.java:52)
at org.openqa.selenium.remote.HttpCommandExecutor.execute(HttpCommandExecutor.java:191)
at org.openqa.selenium.remote.service.DriverCommandExecutor.invokeExecute(DriverCommandExecutor.java:196)
at org.openqa.selenium.remote.service.DriverCommandExecutor.execute(DriverCommandExecutor.java:171)
at org.openqa.selenium.remote.RemoteWebDriver.execute(RemoteWebDriver.java:518)
at org.openqa.selenium.remote.ElementLocation$ElementFinder$2.findElement(ElementLocation.java:165)
at org.openqa.selenium.remote.ElementLocation.findElement(ElementLocation.java:59)
at org.openqa.selenium.remote.RemoteWebDriver.findElement(RemoteWebDriver.java:355)
at org.openqa.selenium.remote.RemoteWebDriver.findElement(RemoteWebDriver.java:349)
at org.openqa.selenium.support.pagefactory.DefaultElementLocator.findElement(DefaultElementLocator.java:68)
at org.openqa.selenium.support.pagefactory.internal.LocatingElementHandler.invoke(LocatingElementHandler.java:38)
at jdk.proxy2/jdk.proxy2.$Proxy41.getText(Unknown Source)
at com.project.rll.pages.SignUpPage.validate_confirm(SignUpPage.java:104)
at com.project.rll.steps.SignUpStepDefs.the_user_should_see_the_status_as(SignUpStepDefs.java:63)
at ✽.the user should see the status as "Password can't be blank."(file:///C:/Users/Karthik/eclipse-workspace/Chiltern-Oak/src/test/resource/Features/Asignup.feature:11)
]]>
    </error>
  </testcase> <!-- runScenario -->
  <system-out/>
  <testcase classname="com.project.rll.runners.TestNgRunner" name="runScenario" time="18.204"/>
  <system-out/>
  <testcase classname="com.project.rll.runners.TestNgRunner" name="runScenario" time="30.486"/>
  <system-out/>
  <testcase classname="com.project.rll.runners.TestNgRunner" name="runScenario" time="12.665">
    <failure message="expected:&lt;...noakfurniture.co.uk/[challenge]&gt; but was:&lt;...noakfurniture.co.uk/[account/login?return_url=%2Faccount]&gt;" type="junit.framework.ComparisonFailure">
      <![CDATA[junit.framework.ComparisonFailure: expected:<...noakfurniture.co.uk/[challenge]> but was:<...noakfurniture.co.uk/[account/login?return_url=%2Faccount]>
at junit.framework.Assert.assertEquals(Assert.java:100)
at junit.framework.Assert.assertEquals(Assert.java:107)
at com.project.rll.steps.LoginStepDefs.verify_user_is_able_to_login_checking(LoginStepDefs.java:59)
at ✽.verify user is able to login checking "https://www.chilternoakfurniture.co.uk/account/login?return_url=%2Faccount"(file:///C:/Users/Karthik/eclipse-workspace/Chiltern-Oak/src/test/resource/Features/Blogin.feature:8)
]]>
    </failure>
  </testcase> <!-- runScenario -->
  <system-out/>
  <testcase classname="com.project.rll.runners.TestNgRunner" name="runScenario" time="18.021"/>
  <system-out/>
  <testcase classname="com.project.rll.runners.TestNgRunner" name="runScenario" time="12.155"/>
  <system-out/>
  <testcase classname="com.project.rll.runners.TestNgRunner" name="runScenario" time="9.388"/>
  <system-out/>
  <testcase classname="com.project.rll.runners.TestNgRunner" name="runScenario" time="9.014"/>
  <system-out/>
  <testcase classname="com.project.rll.runners.TestNgRunner" name="runScenario" time="12.168"/>
  <system-out/>
  <testcase classname="com.project.rll.runners.TestNgRunner" name="runScenario" time="23.799"/>
  <system-out/>
  <testcase classname="com.project.rll.runners.TestNgRunner" name="runScenario" time="11.487"/>
  <system-out/>
  <testcase classname="com.project.rll.runners.TestNgRunner" name="runScenario" time="11.670"/>
  <system-out/>
  <testcase classname="com.project.rll.runners.TestNgRunner" name="runScenario" time="12.224"/>
  <system-out/>
  <testcase classname="com.project.rll.runners.TestNgRunner" name="runScenario" time="25.064"/>
  <system-out/>
  <testcase classname="com.project.rll.runners.TestNgRunner" name="runScenario" time="29.808"/>
  <system-out/>
  <testcase classname="com.project.rll.runners.TestNgRunner" name="runScenario" time="43.818"/>
  <system-out/>
  <testcase classname="com.project.rll.runners.TestNgRunner" name="runScenario" time="32.633"/>
  <system-out/>
  <testcase classname="com.project.rll.runners.TestNgRunner" name="runScenario" time="12.224"/>
  <system-out/>
  <testcase classname="com.project.rll.runners.TestNgRunner" name="runScenario" time="14.412">
    <failure message="expected:&lt;...noakfurniture.co.uk/[challenge]&gt; but was:&lt;...noakfurniture.co.uk/[account/login?return_url=%2Faccount]&gt;" type="junit.framework.ComparisonFailure">
      <![CDATA[junit.framework.ComparisonFailure: expected:<...noakfurniture.co.uk/[challenge]> but was:<...noakfurniture.co.uk/[account/login?return_url=%2Faccount]>
at junit.framework.Assert.assertEquals(Assert.java:100)
at junit.framework.Assert.assertEquals(Assert.java:107)
at com.project.rll.steps.LoginStepDefs.verify_user_is_able_to_login_checking(LoginStepDefs.java:59)
at ✽.verify user is able to login checking "https://www.chilternoakfurniture.co.uk/account/login?return_url=%2Faccount"(file:///C:/Users/Karthik/eclipse-workspace/Chiltern-Oak/src/test/resource/Features/Blogin.feature:8)
]]>
    </failure>
  </testcase> <!-- runScenario -->
  <system-out/>
  <testcase classname="com.project.rll.runners.TestNgRunner" name="runScenario" time="23.130"/>
  <system-out/>
  <testcase classname="com.project.rll.runners.TestNgRunner" name="runScenario" time="11.092"/>
  <system-out/>
  <testcase classname="com.project.rll.runners.TestNgRunner" name="runScenario" time="9.927"/>
  <system-out/>
  <testcase classname="com.project.rll.runners.TestNgRunner" name="runScenario" time="20.677"/>
  <system-out/>
  <testcase classname="com.project.rll.runners.TestNgRunner" name="runScenario" time="13.875"/>
  <system-out/>
</testsuite> <!-- com.project.rll.runners.TestNgRunner -->
